[2023-06-09 01:15:27,425][whylogs.api.writer.whylabs][INFO] - checking: https://whylabs-public.s3.us-west-2.amazonaws.com/whylogs_config/whylabs_condition_count_disabled
[2023-06-09 01:15:28,684][whylogs.api.writer.whylabs][INFO] - checking: https://whylabs-public.s3.us-west-2.amazonaws.com/whylogs_config/whylabs_condition_count_disabled
[2023-06-09 01:15:28,686][whylogs.api.writer.whylabs][INFO] - headers are: {'x-amz-id-2': 'H8as0axtiFVuxM0RRXCjhbKcI0hVmXxteCLwAe3S7mpel2h4JU7LrhefxWCeDqI+zwWuZ4o1lfw=', 'x-amz-request-id': 'KK4TDK5KVVMGMJY0', 'Date': 'Fri, 09 Jun 2023 08:15:30 GMT', 'Last-Modified': 'Thu, 23 Feb 2023 17:53:29 GMT', 'ETag': '"c4ca4238a0b923820dcc509a6f75849b"', 'x-amz-server-side-encryption': 'AES256', 'Accept-Ranges': 'bytes', 'Content-Type': 'binary/octet-stream', 'Server': 'AmazonS3', 'Content-Length': '1'} code: 200
[2023-06-09 01:15:28,689][whylogs.api.writer.whylabs][INFO] - found the whylabs condition count disabled file so running uncompound on condition count metrics
[2023-06-09 01:15:34,782][whylogs.api.writer.whylabs][INFO] - Done uploading org-YNx5UG/model-3/1686298506030 to https://api.whylabsapp.com with API token ID: YD0qo663PK
[2023-06-09 01:15:53,009][whylogs.api.writer.whylabs][INFO] - checking: https://whylabs-public.s3.us-west-2.amazonaws.com/whylogs_config/whylabs_condition_count_disabled
[2023-06-09 01:15:58,937][whylogs.api.writer.whylabs][INFO] - checking: https://whylabs-public.s3.us-west-2.amazonaws.com/whylogs_config/whylabs_condition_count_disabled
[2023-06-09 01:15:58,937][whylogs.api.writer.whylabs][INFO] - headers are: {'x-amz-id-2': 'aJ25c1aBIaw+MWQH/yjZe0/VUcofzdpSUjs/EwKPJ0wFLzAWhIUBkR9SP/TStvF6FVzHLOmh+gs=', 'x-amz-request-id': '97X9N8TAMWGBA9XW', 'Date': 'Fri, 09 Jun 2023 08:16:00 GMT', 'Last-Modified': 'Thu, 23 Feb 2023 17:53:29 GMT', 'ETag': '"c4ca4238a0b923820dcc509a6f75849b"', 'x-amz-server-side-encryption': 'AES256', 'Accept-Ranges': 'bytes', 'Content-Type': 'binary/octet-stream', 'Server': 'AmazonS3', 'Content-Length': '1'} code: 200
[2023-06-09 01:15:58,939][whylogs.api.writer.whylabs][INFO] - found the whylabs condition count disabled file so running uncompound on condition count metrics
[2023-06-09 01:16:04,257][whylogs.api.writer.whylabs][INFO] - Done uploading org-YNx5UG/model-3/1686298534783 to https://api.whylabsapp.com with API token ID: YD0qo663PK
[2023-06-09 01:16:30,856][whylogs.api.writer.whylabs][INFO] - checking: https://whylabs-public.s3.us-west-2.amazonaws.com/whylogs_config/whylabs_condition_count_disabled
[2023-06-09 01:16:32,091][whylogs.api.writer.whylabs][INFO] - checking: https://whylabs-public.s3.us-west-2.amazonaws.com/whylogs_config/whylabs_condition_count_disabled
[2023-06-09 01:16:32,092][whylogs.api.writer.whylabs][INFO] - headers are: {'x-amz-id-2': '7hPJb7FS45EUBOaNslI/BHh2TOGG6oY9OnpkB98XDWieixhle+zcuvrmc4KInXFlfzkeEcbyUa0=', 'x-amz-request-id': '69DGMC8SCNY40YJP', 'Date': 'Fri, 09 Jun 2023 08:16:33 GMT', 'Last-Modified': 'Thu, 23 Feb 2023 17:53:29 GMT', 'ETag': '"c4ca4238a0b923820dcc509a6f75849b"', 'x-amz-server-side-encryption': 'AES256', 'Accept-Ranges': 'bytes', 'Content-Type': 'binary/octet-stream', 'Server': 'AmazonS3', 'Content-Length': '1'} code: 200
[2023-06-09 01:16:32,096][whylogs.api.writer.whylabs][INFO] - found the whylabs condition count disabled file so running uncompound on condition count metrics
[2023-06-09 01:16:36,026][whylogs.api.writer.whylabs][INFO] - Done uploading org-YNx5UG/model-3/1686212164258 to https://api.whylabsapp.com with API token ID: YD0qo663PK
[2023-06-09 01:16:56,071][whylogs.api.writer.whylabs][INFO] - checking: https://whylabs-public.s3.us-west-2.amazonaws.com/whylogs_config/whylabs_condition_count_disabled
[2023-06-09 01:17:01,246][whylogs.api.writer.whylabs][INFO] - checking: https://whylabs-public.s3.us-west-2.amazonaws.com/whylogs_config/whylabs_condition_count_disabled
[2023-06-09 01:17:01,246][whylogs.api.writer.whylabs][INFO] - headers are: {'x-amz-id-2': 'yqUmY+wcTFXKLNvYMVn/amJnZc6VBwyqR9W/HlzDMkHHmFXDPfXl943+xbElZ/e+dt7eKCNk/mqZJeezAewrgQ==', 'x-amz-request-id': 'ETR1KAG8QEHQ4TFA', 'Date': 'Fri, 09 Jun 2023 08:17:02 GMT', 'Last-Modified': 'Thu, 23 Feb 2023 17:53:29 GMT', 'ETag': '"c4ca4238a0b923820dcc509a6f75849b"', 'x-amz-server-side-encryption': 'AES256', 'Accept-Ranges': 'bytes', 'Content-Type': 'binary/octet-stream', 'Server': 'AmazonS3', 'Content-Length': '1'} code: 200
[2023-06-09 01:17:01,247][whylogs.api.writer.whylabs][INFO] - found the whylabs condition count disabled file so running uncompound on condition count metrics
[2023-06-09 01:17:05,993][whylogs.api.writer.whylabs][INFO] - Done uploading org-YNx5UG/model-3/1686125796027 to https://api.whylabsapp.com with API token ID: YD0qo663PK
[2023-06-09 01:17:25,602][whylogs.api.writer.whylabs][INFO] - checking: https://whylabs-public.s3.us-west-2.amazonaws.com/whylogs_config/whylabs_condition_count_disabled
[2023-06-09 01:17:28,161][whylogs.api.writer.whylabs][INFO] - checking: https://whylabs-public.s3.us-west-2.amazonaws.com/whylogs_config/whylabs_condition_count_disabled
[2023-06-09 01:17:28,162][whylogs.api.writer.whylabs][INFO] - headers are: {'x-amz-id-2': 'Ay2YF3iIiqINqbq2JXQp9OtN3Chafbe6DPllSjAujQGx8yYxr0UBHEvNyKuiegGjuTetHnKTql8=', 'x-amz-request-id': '8VARV8RCGET9ZE76', 'Date': 'Fri, 09 Jun 2023 08:17:29 GMT', 'Last-Modified': 'Thu, 23 Feb 2023 17:53:29 GMT', 'ETag': '"c4ca4238a0b923820dcc509a6f75849b"', 'x-amz-server-side-encryption': 'AES256', 'Accept-Ranges': 'bytes', 'Content-Type': 'binary/octet-stream', 'Server': 'AmazonS3', 'Content-Length': '1'} code: 200
[2023-06-09 01:17:28,163][whylogs.api.writer.whylabs][INFO] - found the whylabs condition count disabled file so running uncompound on condition count metrics
[2023-06-09 01:17:31,379][whylogs.api.writer.whylabs][INFO] - Done uploading org-YNx5UG/model-3/1686039425996 to https://api.whylabsapp.com with API token ID: YD0qo663PK
[2023-06-09 01:17:53,334][whylogs.api.writer.whylabs][INFO] - checking: https://whylabs-public.s3.us-west-2.amazonaws.com/whylogs_config/whylabs_condition_count_disabled
[2023-06-09 01:17:54,596][whylogs.api.writer.whylabs][INFO] - checking: https://whylabs-public.s3.us-west-2.amazonaws.com/whylogs_config/whylabs_condition_count_disabled
[2023-06-09 01:17:54,596][whylogs.api.writer.whylabs][INFO] - headers are: {'x-amz-id-2': 'pBZH9LlXxtXnzW59LSILhTNZlk8t2Hb0STqqGsQMVxJsmGYT+NGXKIP6tD0/qwpoHg1YHtnEYmM=', 'x-amz-request-id': 'QRYPHRSYSRBERSNE', 'Date': 'Fri, 09 Jun 2023 08:17:56 GMT', 'Last-Modified': 'Thu, 23 Feb 2023 17:53:29 GMT', 'ETag': '"c4ca4238a0b923820dcc509a6f75849b"', 'x-amz-server-side-encryption': 'AES256', 'Accept-Ranges': 'bytes', 'Content-Type': 'binary/octet-stream', 'Server': 'AmazonS3', 'Content-Length': '1'} code: 200
[2023-06-09 01:17:54,598][whylogs.api.writer.whylabs][INFO] - found the whylabs condition count disabled file so running uncompound on condition count metrics
[2023-06-09 01:18:00,064][whylogs.api.writer.whylabs][INFO] - Done uploading org-YNx5UG/model-3/1686298651381 to https://api.whylabsapp.com with API token ID: YD0qo663PK
[2023-06-09 01:18:25,701][whylogs.api.writer.whylabs][INFO] - checking: https://whylabs-public.s3.us-west-2.amazonaws.com/whylogs_config/whylabs_condition_count_disabled
[2023-06-09 01:18:27,001][whylogs.api.writer.whylabs][INFO] - checking: https://whylabs-public.s3.us-west-2.amazonaws.com/whylogs_config/whylabs_condition_count_disabled
[2023-06-09 01:18:27,001][whylogs.api.writer.whylabs][INFO] - headers are: {'x-amz-id-2': 'PsRqFcBx8AdYqOMVa2XG1ZRrigQjy8M6YU0mq2SJlIp9v6kc8tnJK1Hs8KJPYlzDjtt1eqf8Bpo=', 'x-amz-request-id': 'B9CGQ6J2X45RZWZ8', 'Date': 'Fri, 09 Jun 2023 08:18:28 GMT', 'Last-Modified': 'Thu, 23 Feb 2023 17:53:29 GMT', 'ETag': '"c4ca4238a0b923820dcc509a6f75849b"', 'x-amz-server-side-encryption': 'AES256', 'Accept-Ranges': 'bytes', 'Content-Type': 'binary/octet-stream', 'Server': 'AmazonS3', 'Content-Length': '1'} code: 200
[2023-06-09 01:18:27,002][whylogs.api.writer.whylabs][INFO] - found the whylabs condition count disabled file so running uncompound on condition count metrics
[2023-06-09 01:18:29,074][whylogs.api.writer.whylabs][INFO] - Done uploading org-YNx5UG/model-3/1686298704113 to https://api.whylabsapp.com with API token ID: YD0qo663PK
[2023-06-09 01:18:30,624][whylogs.api.writer.whylabs][INFO] - checking: https://whylabs-public.s3.us-west-2.amazonaws.com/whylogs_config/whylabs_condition_count_disabled
[2023-06-09 01:18:31,857][whylogs.api.writer.whylabs][INFO] - checking: https://whylabs-public.s3.us-west-2.amazonaws.com/whylogs_config/whylabs_condition_count_disabled
[2023-06-09 01:18:31,858][whylogs.api.writer.whylabs][INFO] - headers are: {'x-amz-id-2': '/y0ypZEJ5BWwfd2zYFZP0i5FoN2kW0cA6DdftyW/oWSwzOfCHXgXtaCIf8shSioDIh6npfwVNfy8Zpd1n8bbtg==', 'x-amz-request-id': 'CQM5DNDH3SDRKWFG', 'Date': 'Fri, 09 Jun 2023 08:18:33 GMT', 'Last-Modified': 'Thu, 23 Feb 2023 17:53:29 GMT', 'ETag': '"c4ca4238a0b923820dcc509a6f75849b"', 'x-amz-server-side-encryption': 'AES256', 'Accept-Ranges': 'bytes', 'Content-Type': 'binary/octet-stream', 'Server': 'AmazonS3', 'Content-Length': '1'} code: 200
[2023-06-09 01:18:31,859][whylogs.api.writer.whylabs][INFO] - found the whylabs condition count disabled file so running uncompound on condition count metrics
[2023-06-09 01:18:32,908][whylogs.api.writer.whylabs][INFO] - Done uploading org-YNx5UG/model-3/1686212309105 to https://api.whylabsapp.com with API token ID: YD0qo663PK
[2023-06-09 01:18:34,158][whylogs.api.writer.whylabs][INFO] - checking: https://whylabs-public.s3.us-west-2.amazonaws.com/whylogs_config/whylabs_condition_count_disabled
[2023-06-09 01:18:35,401][whylogs.api.writer.whylabs][INFO] - checking: https://whylabs-public.s3.us-west-2.amazonaws.com/whylogs_config/whylabs_condition_count_disabled
[2023-06-09 01:18:35,402][whylogs.api.writer.whylabs][INFO] - headers are: {'x-amz-id-2': '6XGEAKfGnopeO9jqTPmBX3rbJ36lMxBOp1wsDI/3cpQLpepaQthnQY3tEdAYln6EEALLyRgBF4hFOAUgYBQEVw==', 'x-amz-request-id': 'PNY0J2GQMFW1Q06V', 'Date': 'Fri, 09 Jun 2023 08:18:37 GMT', 'Last-Modified': 'Thu, 23 Feb 2023 17:53:29 GMT', 'ETag': '"c4ca4238a0b923820dcc509a6f75849b"', 'x-amz-server-side-encryption': 'AES256', 'Accept-Ranges': 'bytes', 'Content-Type': 'binary/octet-stream', 'Server': 'AmazonS3', 'Content-Length': '1'} code: 200
[2023-06-09 01:18:35,407][whylogs.api.writer.whylabs][INFO] - found the whylabs condition count disabled file so running uncompound on condition count metrics
[2023-06-09 01:18:36,501][whylogs.api.writer.whylabs][INFO] - Done uploading org-YNx5UG/model-3/1686125912922 to https://api.whylabsapp.com with API token ID: YD0qo663PK
[2023-06-09 01:18:38,063][whylogs.api.writer.whylabs][INFO] - checking: https://whylabs-public.s3.us-west-2.amazonaws.com/whylogs_config/whylabs_condition_count_disabled
[2023-06-09 01:18:39,393][whylogs.api.writer.whylabs][INFO] - checking: https://whylabs-public.s3.us-west-2.amazonaws.com/whylogs_config/whylabs_condition_count_disabled
[2023-06-09 01:18:39,394][whylogs.api.writer.whylabs][INFO] - headers are: {'x-amz-id-2': 'Yqo0QRyw1Wl5JqXFTOawNGevdLR8TKgIP3kXblR9laGajeVNVjRQBUJmtKxUepd7PWc2O8pIWr8=', 'x-amz-request-id': '3KWQC09B6NA8E7GD', 'Date': 'Fri, 09 Jun 2023 08:18:41 GMT', 'Last-Modified': 'Thu, 23 Feb 2023 17:53:29 GMT', 'ETag': '"c4ca4238a0b923820dcc509a6f75849b"', 'x-amz-server-side-encryption': 'AES256', 'Accept-Ranges': 'bytes', 'Content-Type': 'binary/octet-stream', 'Server': 'AmazonS3', 'Content-Length': '1'} code: 200
[2023-06-09 01:18:39,397][whylogs.api.writer.whylabs][INFO] - found the whylabs condition count disabled file so running uncompound on condition count metrics
[2023-06-09 01:18:40,466][whylogs.api.writer.whylabs][INFO] - Done uploading org-YNx5UG/model-3/1686039516513 to https://api.whylabsapp.com with API token ID: YD0qo663PK
