[2023-06-08 15:08:29,015][whylogs.api.writer.whylabs][INFO] - checking: https://whylabs-public.s3.us-west-2.amazonaws.com/whylogs_config/whylabs_condition_count_disabled
[2023-06-08 15:08:30,465][whylogs.api.writer.whylabs][INFO] - checking: https://whylabs-public.s3.us-west-2.amazonaws.com/whylogs_config/whylabs_condition_count_disabled
[2023-06-08 15:08:30,467][whylogs.api.writer.whylabs][INFO] - headers are: {'x-amz-id-2': '000Zhv+D5ohtoT7gxuJHuPfNpvGoCDR7mwzIMsctIR6RJgL0j5rzzAunSDbFq1uPQOBZcpOWHYU=', 'x-amz-request-id': '0BX9NS7Q2GN85TK6', 'Date': 'Thu, 08 Jun 2023 22:08:32 GMT', 'Last-Modified': 'Thu, 23 Feb 2023 17:53:29 GMT', 'ETag': '"c4ca4238a0b923820dcc509a6f75849b"', 'x-amz-server-side-encryption': 'AES256', 'Accept-Ranges': 'bytes', 'Content-Type': 'binary/octet-stream', 'Server': 'AmazonS3', 'Content-Length': '1'} code: 200
[2023-06-08 15:08:30,477][whylogs.api.writer.whylabs][INFO] - found the whylabs condition count disabled file so running uncompound on condition count metrics
[2023-06-08 15:08:35,504][whylogs.api.writer.whylabs][INFO] - Done uploading org-YNx5UG/model-3/1686262084278 to https://api.whylabsapp.com with API token ID: YD0qo663PK
[2023-06-08 15:08:59,461][whylogs.api.writer.whylabs][INFO] - checking: https://whylabs-public.s3.us-west-2.amazonaws.com/whylogs_config/whylabs_condition_count_disabled
[2023-06-08 15:09:01,028][whylogs.api.writer.whylabs][INFO] - checking: https://whylabs-public.s3.us-west-2.amazonaws.com/whylogs_config/whylabs_condition_count_disabled
[2023-06-08 15:09:01,030][whylogs.api.writer.whylabs][INFO] - headers are: {'x-amz-id-2': '6xKGlJTPNglqVjk9Y4kSE2qKKo0HOGShSQnoj2R75veGvKKRS6rwmXEPauZVmiZ2JamGL9mt2/Pup/wSd2z4Iw==', 'x-amz-request-id': '1JNA5E0T7QYKJ8KV', 'Date': 'Thu, 08 Jun 2023 22:09:03 GMT', 'Last-Modified': 'Thu, 23 Feb 2023 17:53:29 GMT', 'ETag': '"c4ca4238a0b923820dcc509a6f75849b"', 'x-amz-server-side-encryption': 'AES256', 'Accept-Ranges': 'bytes', 'Content-Type': 'binary/octet-stream', 'Server': 'AmazonS3', 'Content-Length': '1'} code: 200
[2023-06-08 15:09:01,033][whylogs.api.writer.whylabs][INFO] - found the whylabs condition count disabled file so running uncompound on condition count metrics
[2023-06-08 15:09:05,254][whylogs.api.writer.whylabs][INFO] - Done uploading org-YNx5UG/model-3/1686262115508 to https://api.whylabsapp.com with API token ID: YD0qo663PK
[2023-06-08 15:09:29,411][whylogs.api.writer.whylabs][INFO] - checking: https://whylabs-public.s3.us-west-2.amazonaws.com/whylogs_config/whylabs_condition_count_disabled
[2023-06-08 15:09:30,712][whylogs.api.writer.whylabs][INFO] - checking: https://whylabs-public.s3.us-west-2.amazonaws.com/whylogs_config/whylabs_condition_count_disabled
[2023-06-08 15:09:30,713][whylogs.api.writer.whylabs][INFO] - headers are: {'x-amz-id-2': 'KUUzpRxfpTxrmF7u79L1ru/yrqf9T8P0oJLvptqnlijPtdBHcxT/nhLrkrqI18xaMEJL9aM4ukw=', 'x-amz-request-id': '7N4YVW1QH4525DWN', 'Date': 'Thu, 08 Jun 2023 22:09:32 GMT', 'Last-Modified': 'Thu, 23 Feb 2023 17:53:29 GMT', 'ETag': '"c4ca4238a0b923820dcc509a6f75849b"', 'x-amz-server-side-encryption': 'AES256', 'Accept-Ranges': 'bytes', 'Content-Type': 'binary/octet-stream', 'Server': 'AmazonS3', 'Content-Length': '1'} code: 200
[2023-06-08 15:09:30,715][whylogs.api.writer.whylabs][INFO] - found the whylabs condition count disabled file so running uncompound on condition count metrics
[2023-06-08 15:09:33,943][whylogs.api.writer.whylabs][INFO] - Done uploading org-YNx5UG/model-3/1686175745258 to https://api.whylabsapp.com with API token ID: YD0qo663PK
[2023-06-08 15:09:57,702][whylogs.api.writer.whylabs][INFO] - checking: https://whylabs-public.s3.us-west-2.amazonaws.com/whylogs_config/whylabs_condition_count_disabled
[2023-06-08 15:09:59,032][whylogs.api.writer.whylabs][INFO] - checking: https://whylabs-public.s3.us-west-2.amazonaws.com/whylogs_config/whylabs_condition_count_disabled
[2023-06-08 15:09:59,033][whylogs.api.writer.whylabs][INFO] - headers are: {'x-amz-id-2': 'z6CP1Z2FPr9oPhhH9Ab9BI0oDlNyFe0rsYLP/QbDhwLoweu91rDFIMWOi7etTV6CXN3yQxRpBl4=', 'x-amz-request-id': '16G90JM0RABKPV6P', 'Date': 'Thu, 08 Jun 2023 22:10:01 GMT', 'Last-Modified': 'Thu, 23 Feb 2023 17:53:29 GMT', 'ETag': '"c4ca4238a0b923820dcc509a6f75849b"', 'x-amz-server-side-encryption': 'AES256', 'Accept-Ranges': 'bytes', 'Content-Type': 'binary/octet-stream', 'Server': 'AmazonS3', 'Content-Length': '1'} code: 200
[2023-06-08 15:09:59,034][whylogs.api.writer.whylabs][INFO] - found the whylabs condition count disabled file so running uncompound on condition count metrics
[2023-06-08 15:10:02,262][whylogs.api.writer.whylabs][INFO] - Done uploading org-YNx5UG/model-3/1686089373950 to https://api.whylabsapp.com with API token ID: YD0qo663PK
[2023-06-08 15:10:25,110][whylogs.api.writer.whylabs][INFO] - checking: https://whylabs-public.s3.us-west-2.amazonaws.com/whylogs_config/whylabs_condition_count_disabled
[2023-06-08 15:10:26,585][whylogs.api.writer.whylabs][INFO] - checking: https://whylabs-public.s3.us-west-2.amazonaws.com/whylogs_config/whylabs_condition_count_disabled
[2023-06-08 15:10:26,587][whylogs.api.writer.whylabs][INFO] - headers are: {'x-amz-id-2': 'yJGxoucY6pwFeGuYCjHnmmquu6stsN+emhfPpoZdroRfRWCUnacH5WxB09TR1feAecZDglDU3nSw5haxcyFeag==', 'x-amz-request-id': 'PZ0CBDSCRHTNF2DH', 'Date': 'Thu, 08 Jun 2023 22:10:28 GMT', 'Last-Modified': 'Thu, 23 Feb 2023 17:53:29 GMT', 'ETag': '"c4ca4238a0b923820dcc509a6f75849b"', 'x-amz-server-side-encryption': 'AES256', 'Accept-Ranges': 'bytes', 'Content-Type': 'binary/octet-stream', 'Server': 'AmazonS3', 'Content-Length': '1'} code: 200
[2023-06-08 15:10:26,590][whylogs.api.writer.whylabs][INFO] - found the whylabs condition count disabled file so running uncompound on condition count metrics
[2023-06-08 15:10:29,794][whylogs.api.writer.whylabs][INFO] - Done uploading org-YNx5UG/model-3/1686003002265 to https://api.whylabsapp.com with API token ID: YD0qo663PK
[2023-06-08 15:10:55,177][whylogs.api.writer.whylabs][INFO] - checking: https://whylabs-public.s3.us-west-2.amazonaws.com/whylogs_config/whylabs_condition_count_disabled
[2023-06-08 15:10:56,616][whylogs.api.writer.whylabs][INFO] - checking: https://whylabs-public.s3.us-west-2.amazonaws.com/whylogs_config/whylabs_condition_count_disabled
[2023-06-08 15:10:56,616][whylogs.api.writer.whylabs][INFO] - headers are: {'x-amz-id-2': 'xvBKBvZLTf2GKY7Z554KNCZ3ihLUhAIsfFgNNbTz2jQ6VR6A3K8i/o8SjDiR4f5Tnm0hqpljBG+vvKGfdVf0Ug==', 'x-amz-request-id': 'D1QGY61BAVZKDXBA', 'Date': 'Thu, 08 Jun 2023 22:10:58 GMT', 'Last-Modified': 'Thu, 23 Feb 2023 17:53:29 GMT', 'ETag': '"c4ca4238a0b923820dcc509a6f75849b"', 'x-amz-server-side-encryption': 'AES256', 'Accept-Ranges': 'bytes', 'Content-Type': 'binary/octet-stream', 'Server': 'AmazonS3', 'Content-Length': '1'} code: 200
[2023-06-08 15:10:56,617][whylogs.api.writer.whylabs][INFO] - found the whylabs condition count disabled file so running uncompound on condition count metrics
[2023-06-08 15:11:40,413][whylogs.api.writer.whylabs][INFO] - Done uploading org-YNx5UG/model-3/1686262229796 to https://api.whylabsapp.com with API token ID: YD0qo663PK
[2023-06-08 15:12:16,974][whylogs.api.writer.whylabs][INFO] - checking: https://whylabs-public.s3.us-west-2.amazonaws.com/whylogs_config/whylabs_condition_count_disabled
[2023-06-08 15:12:18,339][whylogs.api.writer.whylabs][INFO] - checking: https://whylabs-public.s3.us-west-2.amazonaws.com/whylogs_config/whylabs_condition_count_disabled
[2023-06-08 15:12:18,340][whylogs.api.writer.whylabs][INFO] - headers are: {'x-amz-id-2': 'CTywd0iGgH6FBqU7iYEycKXmquPsGJvyn2IrhqJbYCb1w2pD8/VykC60fMzHz2bZlCIee5AZOC0=', 'x-amz-request-id': 'YJSJ2E6XVJSRKSXB', 'Date': 'Thu, 08 Jun 2023 22:12:20 GMT', 'Last-Modified': 'Thu, 23 Feb 2023 17:53:29 GMT', 'ETag': '"c4ca4238a0b923820dcc509a6f75849b"', 'x-amz-server-side-encryption': 'AES256', 'Accept-Ranges': 'bytes', 'Content-Type': 'binary/octet-stream', 'Server': 'AmazonS3', 'Content-Length': '1'} code: 200
[2023-06-08 15:12:18,343][whylogs.api.writer.whylabs][INFO] - found the whylabs condition count disabled file so running uncompound on condition count metrics
[2023-06-08 15:12:22,140][whylogs.api.writer.whylabs][INFO] - Done uploading org-YNx5UG/model-3/1686262335543 to https://api.whylabsapp.com with API token ID: YD0qo663PK
[2023-06-08 15:12:24,475][whylogs.api.writer.whylabs][INFO] - checking: https://whylabs-public.s3.us-west-2.amazonaws.com/whylogs_config/whylabs_condition_count_disabled
[2023-06-08 15:12:25,821][whylogs.api.writer.whylabs][INFO] - checking: https://whylabs-public.s3.us-west-2.amazonaws.com/whylogs_config/whylabs_condition_count_disabled
[2023-06-08 15:12:25,823][whylogs.api.writer.whylabs][INFO] - headers are: {'x-amz-id-2': 'qhAACAneFQyTab/nqKMWVz0NErAUU8UWRpiwQdf4m4NVXV4Zp66W7m/vRYArh4VnwCVHeOotxWE=', 'x-amz-request-id': '7EFTPT1200PVS0XB', 'Date': 'Thu, 08 Jun 2023 22:12:28 GMT', 'Last-Modified': 'Thu, 23 Feb 2023 17:53:29 GMT', 'ETag': '"c4ca4238a0b923820dcc509a6f75849b"', 'x-amz-server-side-encryption': 'AES256', 'Accept-Ranges': 'bytes', 'Content-Type': 'binary/octet-stream', 'Server': 'AmazonS3', 'Content-Length': '1'} code: 200
[2023-06-08 15:12:25,828][whylogs.api.writer.whylabs][INFO] - found the whylabs condition count disabled file so running uncompound on condition count metrics
[2023-06-08 15:12:27,541][whylogs.api.writer.whylabs][INFO] - Done uploading org-YNx5UG/model-3/1686175942156 to https://api.whylabsapp.com with API token ID: YD0qo663PK
[2023-06-08 15:12:29,151][whylogs.api.writer.whylabs][INFO] - checking: https://whylabs-public.s3.us-west-2.amazonaws.com/whylogs_config/whylabs_condition_count_disabled
[2023-06-08 15:12:30,508][whylogs.api.writer.whylabs][INFO] - checking: https://whylabs-public.s3.us-west-2.amazonaws.com/whylogs_config/whylabs_condition_count_disabled
[2023-06-08 15:12:30,510][whylogs.api.writer.whylabs][INFO] - headers are: {'x-amz-id-2': 'SlQxVGCD+D3tV5uuMx1BHHp7ZCBDhwSbAtx73gMe57xNoRRrrqUdJyePL8/IrH33yE5a8AaVH+A=', 'x-amz-request-id': '29YWGR0R8FFXP1JP', 'Date': 'Thu, 08 Jun 2023 22:12:32 GMT', 'Last-Modified': 'Thu, 23 Feb 2023 17:53:29 GMT', 'ETag': '"c4ca4238a0b923820dcc509a6f75849b"', 'x-amz-server-side-encryption': 'AES256', 'Accept-Ranges': 'bytes', 'Content-Type': 'binary/octet-stream', 'Server': 'AmazonS3', 'Content-Length': '1'} code: 200
[2023-06-08 15:12:30,513][whylogs.api.writer.whylabs][INFO] - found the whylabs condition count disabled file so running uncompound on condition count metrics
[2023-06-08 15:12:32,344][whylogs.api.writer.whylabs][INFO] - Done uploading org-YNx5UG/model-3/1686089547574 to https://api.whylabsapp.com with API token ID: YD0qo663PK
[2023-06-08 15:12:34,082][whylogs.api.writer.whylabs][INFO] - checking: https://whylabs-public.s3.us-west-2.amazonaws.com/whylogs_config/whylabs_condition_count_disabled
[2023-06-08 15:12:35,423][whylogs.api.writer.whylabs][INFO] - checking: https://whylabs-public.s3.us-west-2.amazonaws.com/whylogs_config/whylabs_condition_count_disabled
[2023-06-08 15:12:35,424][whylogs.api.writer.whylabs][INFO] - headers are: {'x-amz-id-2': 'vUTOh/RbLHLOJBOYggJf4/BIXGL7PeQ1t/rcXcrcOsU91NFJ+vhAI9DDYp6U9HBcoKJZePHNgrE=', 'x-amz-request-id': 'XP2K4RY4KXN2YM94', 'Date': 'Thu, 08 Jun 2023 22:12:37 GMT', 'Last-Modified': 'Thu, 23 Feb 2023 17:53:29 GMT', 'ETag': '"c4ca4238a0b923820dcc509a6f75849b"', 'x-amz-server-side-encryption': 'AES256', 'Accept-Ranges': 'bytes', 'Content-Type': 'binary/octet-stream', 'Server': 'AmazonS3', 'Content-Length': '1'} code: 200
[2023-06-08 15:12:35,428][whylogs.api.writer.whylabs][INFO] - found the whylabs condition count disabled file so running uncompound on condition count metrics
[2023-06-08 15:12:37,183][whylogs.api.writer.whylabs][INFO] - Done uploading org-YNx5UG/model-3/1686003152378 to https://api.whylabsapp.com with API token ID: YD0qo663PK
