[2023-06-09 05:13:41,501][whylogs.api.writer.whylabs][INFO] - checking: https://whylabs-public.s3.us-west-2.amazonaws.com/whylogs_config/whylabs_condition_count_disabled
[2023-06-09 05:13:42,787][whylogs.api.writer.whylabs][INFO] - checking: https://whylabs-public.s3.us-west-2.amazonaws.com/whylogs_config/whylabs_condition_count_disabled
[2023-06-09 05:13:42,788][whylogs.api.writer.whylabs][INFO] - headers are: {'x-amz-id-2': 'js03+50eJEFEZ+dGKaACfKA9EgreM3lQ+kr59YpFApT/xzsrzk11zVADZ+Bb/2GmcOM7Gvzy+m4=', 'x-amz-request-id': '0421NZH6HGGQTAN2', 'Date': 'Fri, 09 Jun 2023 12:13:44 GMT', 'Last-Modified': 'Thu, 23 Feb 2023 17:53:29 GMT', 'ETag': '"c4ca4238a0b923820dcc509a6f75849b"', 'x-amz-server-side-encryption': 'AES256', 'Accept-Ranges': 'bytes', 'Content-Type': 'binary/octet-stream', 'Server': 'AmazonS3', 'Content-Length': '1'} code: 200
[2023-06-09 05:13:42,789][whylogs.api.writer.whylabs][INFO] - found the whylabs condition count disabled file so running uncompound on condition count metrics
[2023-06-09 05:13:50,435][whylogs.api.writer.whylabs][INFO] - Done uploading org-YNx5UG/model-5/1686312789260 to https://api.whylabsapp.com with API token ID: YD0qo663PK
[2023-06-09 05:14:31,141][whylogs.api.writer.whylabs][INFO] - checking: https://whylabs-public.s3.us-west-2.amazonaws.com/whylogs_config/whylabs_condition_count_disabled
[2023-06-09 05:14:32,626][whylogs.api.writer.whylabs][INFO] - checking: https://whylabs-public.s3.us-west-2.amazonaws.com/whylogs_config/whylabs_condition_count_disabled
[2023-06-09 05:14:32,627][whylogs.api.writer.whylabs][INFO] - headers are: {'x-amz-id-2': 'h7EYXIclIeZd6P8YFvmx4BT5BKhX+tCzvaGSU7YlUdZu0HrvFYc2bPbhcOlOupGdvcn0XpNUQ+0=', 'x-amz-request-id': 'RCS1TCD11CRF6B7V', 'Date': 'Fri, 09 Jun 2023 12:14:34 GMT', 'Last-Modified': 'Thu, 23 Feb 2023 17:53:29 GMT', 'ETag': '"c4ca4238a0b923820dcc509a6f75849b"', 'x-amz-server-side-encryption': 'AES256', 'Accept-Ranges': 'bytes', 'Content-Type': 'binary/octet-stream', 'Server': 'AmazonS3', 'Content-Length': '1'} code: 200
[2023-06-09 05:14:32,628][whylogs.api.writer.whylabs][INFO] - found the whylabs condition count disabled file so running uncompound on condition count metrics
[2023-06-09 05:14:37,576][whylogs.api.writer.whylabs][INFO] - Done uploading org-YNx5UG/model-5/1686312830437 to https://api.whylabsapp.com with API token ID: YD0qo663PK
[2023-06-09 05:15:13,837][whylogs.api.writer.whylabs][INFO] - checking: https://whylabs-public.s3.us-west-2.amazonaws.com/whylogs_config/whylabs_condition_count_disabled
[2023-06-09 05:15:15,133][whylogs.api.writer.whylabs][INFO] - checking: https://whylabs-public.s3.us-west-2.amazonaws.com/whylogs_config/whylabs_condition_count_disabled
[2023-06-09 05:15:15,133][whylogs.api.writer.whylabs][INFO] - headers are: {'x-amz-id-2': '0ADSKfia/F3Ml/xa0GnQ9eNvvKR7AlxWe+v9RZPreLxD2SvwX3qh63XFNA2RNgWoLWemynJ4YgCfdCZNkaLKeA==', 'x-amz-request-id': '6VFSZQSK5SEVVHZ9', 'Date': 'Fri, 09 Jun 2023 12:15:17 GMT', 'Last-Modified': 'Thu, 23 Feb 2023 17:53:29 GMT', 'ETag': '"c4ca4238a0b923820dcc509a6f75849b"', 'x-amz-server-side-encryption': 'AES256', 'Accept-Ranges': 'bytes', 'Content-Type': 'binary/octet-stream', 'Server': 'AmazonS3', 'Content-Length': '1'} code: 200
[2023-06-09 05:15:15,135][whylogs.api.writer.whylabs][INFO] - found the whylabs condition count disabled file so running uncompound on condition count metrics
[2023-06-09 05:15:19,496][whylogs.api.writer.whylabs][INFO] - Done uploading org-YNx5UG/model-5/1686226477578 to https://api.whylabsapp.com with API token ID: YD0qo663PK
[2023-06-09 05:15:40,145][whylogs.api.writer.whylabs][INFO] - checking: https://whylabs-public.s3.us-west-2.amazonaws.com/whylogs_config/whylabs_condition_count_disabled
[2023-06-09 05:15:41,490][whylogs.api.writer.whylabs][INFO] - checking: https://whylabs-public.s3.us-west-2.amazonaws.com/whylogs_config/whylabs_condition_count_disabled
[2023-06-09 05:15:41,491][whylogs.api.writer.whylabs][INFO] - headers are: {'x-amz-id-2': 'lVpIt1fCz7mRezeG1frghqtnkl5gUi8zzP+Apzf+1+yutWQN5kR+cNyHL+C9/1Lwgm0dkNDAJHM=', 'x-amz-request-id': 'GGYN95FF87GSEHQC', 'Date': 'Fri, 09 Jun 2023 12:15:43 GMT', 'Last-Modified': 'Thu, 23 Feb 2023 17:53:29 GMT', 'ETag': '"c4ca4238a0b923820dcc509a6f75849b"', 'x-amz-server-side-encryption': 'AES256', 'Accept-Ranges': 'bytes', 'Content-Type': 'binary/octet-stream', 'Server': 'AmazonS3', 'Content-Length': '1'} code: 200
[2023-06-09 05:15:41,493][whylogs.api.writer.whylabs][INFO] - found the whylabs condition count disabled file so running uncompound on condition count metrics
[2023-06-09 05:15:45,079][whylogs.api.writer.whylabs][INFO] - Done uploading org-YNx5UG/model-5/1686140119500 to https://api.whylabsapp.com with API token ID: YD0qo663PK
[2023-06-09 05:16:10,477][whylogs.api.writer.whylabs][INFO] - checking: https://whylabs-public.s3.us-west-2.amazonaws.com/whylogs_config/whylabs_condition_count_disabled
[2023-06-09 05:16:11,807][whylogs.api.writer.whylabs][INFO] - checking: https://whylabs-public.s3.us-west-2.amazonaws.com/whylogs_config/whylabs_condition_count_disabled
[2023-06-09 05:16:11,808][whylogs.api.writer.whylabs][INFO] - headers are: {'x-amz-id-2': 'H6OBTBAeocKZKE2OmX/xZje0iRbnp6udPCmL9hFm43gcrqH6F24Xzw8dKITKk9vPf32E62vHd3I=', 'x-amz-request-id': 'S5D3G006JB75PB2R', 'Date': 'Fri, 09 Jun 2023 12:16:14 GMT', 'Last-Modified': 'Thu, 23 Feb 2023 17:53:29 GMT', 'ETag': '"c4ca4238a0b923820dcc509a6f75849b"', 'x-amz-server-side-encryption': 'AES256', 'Accept-Ranges': 'bytes', 'Content-Type': 'binary/octet-stream', 'Server': 'AmazonS3', 'Content-Length': '1'} code: 200
[2023-06-09 05:16:11,809][whylogs.api.writer.whylabs][INFO] - found the whylabs condition count disabled file so running uncompound on condition count metrics
[2023-06-09 05:16:15,196][whylogs.api.writer.whylabs][INFO] - Done uploading org-YNx5UG/model-5/1686053745080 to https://api.whylabsapp.com with API token ID: YD0qo663PK
[2023-06-09 05:16:42,593][whylogs.api.writer.whylabs][INFO] - checking: https://whylabs-public.s3.us-west-2.amazonaws.com/whylogs_config/whylabs_condition_count_disabled
[2023-06-09 05:16:43,809][whylogs.api.writer.whylabs][INFO] - checking: https://whylabs-public.s3.us-west-2.amazonaws.com/whylogs_config/whylabs_condition_count_disabled
[2023-06-09 05:16:43,811][whylogs.api.writer.whylabs][INFO] - headers are: {'x-amz-id-2': 'Nvot7POL0CGgCZH/e31UOE4knKj1KU4i/AaCbreIKjX5Ll5DOcMyWc0EZGWkaL57l0pskk3I6cijcJiuHMvALg==', 'x-amz-request-id': 'E2SV4KTBFXRG90GJ', 'Date': 'Fri, 09 Jun 2023 12:16:46 GMT', 'Last-Modified': 'Thu, 23 Feb 2023 17:53:29 GMT', 'ETag': '"c4ca4238a0b923820dcc509a6f75849b"', 'x-amz-server-side-encryption': 'AES256', 'Accept-Ranges': 'bytes', 'Content-Type': 'binary/octet-stream', 'Server': 'AmazonS3', 'Content-Length': '1'} code: 200
[2023-06-09 05:16:43,814][whylogs.api.writer.whylabs][INFO] - found the whylabs condition count disabled file so running uncompound on condition count metrics
[2023-06-09 05:16:48,556][whylogs.api.writer.whylabs][INFO] - Done uploading org-YNx5UG/model-5/1686312975198 to https://api.whylabsapp.com with API token ID: YD0qo663PK
[2023-06-09 05:17:21,609][whylogs.api.writer.whylabs][INFO] - checking: https://whylabs-public.s3.us-west-2.amazonaws.com/whylogs_config/whylabs_condition_count_disabled
[2023-06-09 05:17:22,837][whylogs.api.writer.whylabs][INFO] - checking: https://whylabs-public.s3.us-west-2.amazonaws.com/whylogs_config/whylabs_condition_count_disabled
[2023-06-09 05:17:22,838][whylogs.api.writer.whylabs][INFO] - headers are: {'x-amz-id-2': 'wQVFn2xZDWYFzwQ3mCwGZUPogucq5oQUe9AJYkbdzaoptNt5pDd2BorstHLDmDC8PT/VyQss9vc=', 'x-amz-request-id': 'CHARA43A8TZF7200', 'Date': 'Fri, 09 Jun 2023 12:17:25 GMT', 'Last-Modified': 'Thu, 23 Feb 2023 17:53:29 GMT', 'ETag': '"c4ca4238a0b923820dcc509a6f75849b"', 'x-amz-server-side-encryption': 'AES256', 'Accept-Ranges': 'bytes', 'Content-Type': 'binary/octet-stream', 'Server': 'AmazonS3', 'Content-Length': '1'} code: 200
[2023-06-09 05:17:22,839][whylogs.api.writer.whylabs][INFO] - found the whylabs condition count disabled file so running uncompound on condition count metrics
[2023-06-09 05:17:25,187][whylogs.api.writer.whylabs][INFO] - Done uploading org-YNx5UG/model-5/1686313040649 to https://api.whylabsapp.com with API token ID: YD0qo663PK
[2023-06-09 05:17:25,855][whylogs.api.writer.whylabs][INFO] - checking: https://whylabs-public.s3.us-west-2.amazonaws.com/whylogs_config/whylabs_condition_count_disabled
[2023-06-09 05:17:26,991][whylogs.api.writer.whylabs][INFO] - checking: https://whylabs-public.s3.us-west-2.amazonaws.com/whylogs_config/whylabs_condition_count_disabled
[2023-06-09 05:17:26,992][whylogs.api.writer.whylabs][INFO] - headers are: {'x-amz-id-2': 'FGqc5t1HowSDTwVvdSVAeO+MrO7iWxyud9cxHCD4RrerW+3txSUTQVU8EE6APcdRjO04GhFJKGc=', 'x-amz-request-id': 'FRPMW7PBQADZJ54N', 'Date': 'Fri, 09 Jun 2023 12:17:29 GMT', 'Last-Modified': 'Thu, 23 Feb 2023 17:53:29 GMT', 'ETag': '"c4ca4238a0b923820dcc509a6f75849b"', 'x-amz-server-side-encryption': 'AES256', 'Accept-Ranges': 'bytes', 'Content-Type': 'binary/octet-stream', 'Server': 'AmazonS3', 'Content-Length': '1'} code: 200
[2023-06-09 05:17:26,993][whylogs.api.writer.whylabs][INFO] - found the whylabs condition count disabled file so running uncompound on condition count metrics
[2023-06-09 05:17:28,422][whylogs.api.writer.whylabs][INFO] - Done uploading org-YNx5UG/model-5/1686226645197 to https://api.whylabsapp.com with API token ID: YD0qo663PK
[2023-06-09 05:17:29,162][whylogs.api.writer.whylabs][INFO] - checking: https://whylabs-public.s3.us-west-2.amazonaws.com/whylogs_config/whylabs_condition_count_disabled
[2023-06-09 05:17:30,377][whylogs.api.writer.whylabs][INFO] - checking: https://whylabs-public.s3.us-west-2.amazonaws.com/whylogs_config/whylabs_condition_count_disabled
[2023-06-09 05:17:30,379][whylogs.api.writer.whylabs][INFO] - headers are: {'x-amz-id-2': 'peka+jcrSvtptmwNrra6m9cNOmkDn4++2JrkKgJ6j2/NtRjUMFy4FN4k1Os0FU44hVQxqWulGM4IyCiIsmoTzw==', 'x-amz-request-id': 'J0JBPPBW66636FCW', 'Date': 'Fri, 09 Jun 2023 12:17:32 GMT', 'Last-Modified': 'Thu, 23 Feb 2023 17:53:29 GMT', 'ETag': '"c4ca4238a0b923820dcc509a6f75849b"', 'x-amz-server-side-encryption': 'AES256', 'Accept-Ranges': 'bytes', 'Content-Type': 'binary/octet-stream', 'Server': 'AmazonS3', 'Content-Length': '1'} code: 200
[2023-06-09 05:17:30,379][whylogs.api.writer.whylabs][INFO] - found the whylabs condition count disabled file so running uncompound on condition count metrics
[2023-06-09 05:17:31,842][whylogs.api.writer.whylabs][INFO] - Done uploading org-YNx5UG/model-5/1686140248427 to https://api.whylabsapp.com with API token ID: YD0qo663PK
[2023-06-09 05:17:32,499][whylogs.api.writer.whylabs][INFO] - checking: https://whylabs-public.s3.us-west-2.amazonaws.com/whylogs_config/whylabs_condition_count_disabled
[2023-06-09 05:17:33,859][whylogs.api.writer.whylabs][INFO] - checking: https://whylabs-public.s3.us-west-2.amazonaws.com/whylogs_config/whylabs_condition_count_disabled
[2023-06-09 05:17:33,861][whylogs.api.writer.whylabs][INFO] - headers are: {'x-amz-id-2': 'QRDqOh0u0dHbFFxP3Fj5Bm1vtTS5G802SYpzN9ne61zbDG4aeNtBzC/xtTAChX5O52JEk4XeM0E=', 'x-amz-request-id': 'HSAM8SB6PYKVQAJM', 'Date': 'Fri, 09 Jun 2023 12:17:36 GMT', 'Last-Modified': 'Thu, 23 Feb 2023 17:53:29 GMT', 'ETag': '"c4ca4238a0b923820dcc509a6f75849b"', 'x-amz-server-side-encryption': 'AES256', 'Accept-Ranges': 'bytes', 'Content-Type': 'binary/octet-stream', 'Server': 'AmazonS3', 'Content-Length': '1'} code: 200
[2023-06-09 05:17:33,865][whylogs.api.writer.whylabs][INFO] - found the whylabs condition count disabled file so running uncompound on condition count metrics
[2023-06-09 05:17:35,324][whylogs.api.writer.whylabs][INFO] - Done uploading org-YNx5UG/model-5/1686053851852 to https://api.whylabsapp.com with API token ID: YD0qo663PK
[2023-06-09 05:17:36,642][whylogs.api.writer.whylabs][INFO] - checking: https://whylabs-public.s3.us-west-2.amazonaws.com/whylogs_config/whylabs_condition_count_disabled
[2023-06-09 05:17:37,751][whylogs.api.writer.whylabs][INFO] - checking: https://whylabs-public.s3.us-west-2.amazonaws.com/whylogs_config/whylabs_condition_count_disabled
[2023-06-09 05:17:37,751][whylogs.api.writer.whylabs][INFO] - headers are: {'x-amz-id-2': 'TZNjd68/RhrDHw6hG4F7JgLE+3yIRtKvuwI9zGXGFZZjWP0dOXBUXEYK+3l1McoOLKV9TDRXXn8=', 'x-amz-request-id': '97CT82T8M1CA82N3', 'Date': 'Fri, 09 Jun 2023 12:17:39 GMT', 'Last-Modified': 'Thu, 23 Feb 2023 17:53:29 GMT', 'ETag': '"c4ca4238a0b923820dcc509a6f75849b"', 'x-amz-server-side-encryption': 'AES256', 'Accept-Ranges': 'bytes', 'Content-Type': 'binary/octet-stream', 'Server': 'AmazonS3', 'Content-Length': '1'} code: 200
[2023-06-09 05:17:37,753][whylogs.api.writer.whylabs][INFO] - found the whylabs condition count disabled file so running uncompound on condition count metrics
[2023-06-09 05:17:39,995][whylogs.api.writer.whylabs][INFO] - Done uploading org-YNx5UG/model-5/1686313056642 to https://api.whylabsapp.com with API token ID: YD0qo663PK
[2023-06-09 05:17:41,378][whylogs.api.writer.whylabs][INFO] - checking: https://whylabs-public.s3.us-west-2.amazonaws.com/whylogs_config/whylabs_condition_count_disabled
[2023-06-09 05:17:42,708][whylogs.api.writer.whylabs][INFO] - checking: https://whylabs-public.s3.us-west-2.amazonaws.com/whylogs_config/whylabs_condition_count_disabled
[2023-06-09 05:17:42,710][whylogs.api.writer.whylabs][INFO] - headers are: {'x-amz-id-2': 'G0q9zL0HUyOpWZ/XlpdGkiWX9BE+AGZ7uJue6OkyxpwsLK+SluwL/sca0YcT5GTDwkDmiaWm9jWaP5rQ6TgVhg==', 'x-amz-request-id': 'H6KJDQ9RD839P4R4', 'Date': 'Fri, 09 Jun 2023 12:17:44 GMT', 'Last-Modified': 'Thu, 23 Feb 2023 17:53:29 GMT', 'ETag': '"c4ca4238a0b923820dcc509a6f75849b"', 'x-amz-server-side-encryption': 'AES256', 'Accept-Ranges': 'bytes', 'Content-Type': 'binary/octet-stream', 'Server': 'AmazonS3', 'Content-Length': '1'} code: 200
[2023-06-09 05:17:42,713][whylogs.api.writer.whylabs][INFO] - found the whylabs condition count disabled file so running uncompound on condition count metrics
[2023-06-09 05:17:44,983][whylogs.api.writer.whylabs][INFO] - Done uploading org-YNx5UG/model-5/1686226661378 to https://api.whylabsapp.com with API token ID: YD0qo663PK
[2023-06-09 05:17:46,399][whylogs.api.writer.whylabs][INFO] - checking: https://whylabs-public.s3.us-west-2.amazonaws.com/whylogs_config/whylabs_condition_count_disabled
[2023-06-09 05:17:47,645][whylogs.api.writer.whylabs][INFO] - checking: https://whylabs-public.s3.us-west-2.amazonaws.com/whylogs_config/whylabs_condition_count_disabled
[2023-06-09 05:17:47,647][whylogs.api.writer.whylabs][INFO] - headers are: {'x-amz-id-2': '4tcKwPiWsNJyarIksbzI26YutSRDykqpnDP0ozLD0QMFqcDHWWxMyMjyYJwUB9WT+L566He7SM4s5PaZXtES1g==', 'x-amz-request-id': '33F7R9P3VTSNN3AX', 'Date': 'Fri, 09 Jun 2023 12:17:49 GMT', 'Last-Modified': 'Thu, 23 Feb 2023 17:53:29 GMT', 'ETag': '"c4ca4238a0b923820dcc509a6f75849b"', 'x-amz-server-side-encryption': 'AES256', 'Accept-Ranges': 'bytes', 'Content-Type': 'binary/octet-stream', 'Server': 'AmazonS3', 'Content-Length': '1'} code: 200
[2023-06-09 05:17:47,651][whylogs.api.writer.whylabs][INFO] - found the whylabs condition count disabled file so running uncompound on condition count metrics
[2023-06-09 05:17:50,179][whylogs.api.writer.whylabs][INFO] - Done uploading org-YNx5UG/model-5/1686140266398 to https://api.whylabsapp.com with API token ID: YD0qo663PK
[2023-06-09 05:17:51,504][whylogs.api.writer.whylabs][INFO] - checking: https://whylabs-public.s3.us-west-2.amazonaws.com/whylogs_config/whylabs_condition_count_disabled
[2023-06-09 05:17:55,691][whylogs.api.writer.whylabs][INFO] - checking: https://whylabs-public.s3.us-west-2.amazonaws.com/whylogs_config/whylabs_condition_count_disabled
[2023-06-09 05:17:55,692][whylogs.api.writer.whylabs][INFO] - headers are: {'x-amz-id-2': 'sA7CPA1X3UWYowJV2ADezgZLPkJTUozCAy0WBLht0KLeRDGvZgEfF+dK2XlhEF5OMxuGnvSxB1FEUxie3oqpNA==', 'x-amz-request-id': 'YCJGD7NFAF7ZB2GZ', 'Date': 'Fri, 09 Jun 2023 12:17:57 GMT', 'Last-Modified': 'Thu, 23 Feb 2023 17:53:29 GMT', 'ETag': '"c4ca4238a0b923820dcc509a6f75849b"', 'x-amz-server-side-encryption': 'AES256', 'Accept-Ranges': 'bytes', 'Content-Type': 'binary/octet-stream', 'Server': 'AmazonS3', 'Content-Length': '1'} code: 200
[2023-06-09 05:17:55,696][whylogs.api.writer.whylabs][INFO] - found the whylabs condition count disabled file so running uncompound on condition count metrics
[2023-06-09 05:17:57,991][whylogs.api.writer.whylabs][INFO] - Done uploading org-YNx5UG/model-5/1686053871504 to https://api.whylabsapp.com with API token ID: YD0qo663PK
