[2023-06-09 02:42:42,966][whylogs.api.writer.whylabs][INFO] - checking: https://whylabs-public.s3.us-west-2.amazonaws.com/whylogs_config/whylabs_condition_count_disabled
[2023-06-09 02:42:44,236][whylogs.api.writer.whylabs][INFO] - checking: https://whylabs-public.s3.us-west-2.amazonaws.com/whylogs_config/whylabs_condition_count_disabled
[2023-06-09 02:42:44,238][whylogs.api.writer.whylabs][INFO] - headers are: {'x-amz-id-2': 'Q5MogkdMBTms37mXJ4XzzXDFAzBDxctYKIesaiafa7rR5soVSE3r+6xYhwS1FNxnFJdzqFsR6C4=', 'x-amz-request-id': '7BP11M8RGAX5NW5X', 'Date': 'Fri, 09 Jun 2023 09:42:46 GMT', 'Last-Modified': 'Thu, 23 Feb 2023 17:53:29 GMT', 'ETag': '"c4ca4238a0b923820dcc509a6f75849b"', 'x-amz-server-side-encryption': 'AES256', 'Accept-Ranges': 'bytes', 'Content-Type': 'binary/octet-stream', 'Server': 'AmazonS3', 'Content-Length': '1'} code: 200
[2023-06-09 02:42:44,240][whylogs.api.writer.whylabs][INFO] - found the whylabs condition count disabled file so running uncompound on condition count metrics
[2023-06-09 02:42:47,844][whylogs.api.writer.whylabs][INFO] - Done uploading org-YNx5UG/model-3/1686303741455 to https://api.whylabsapp.com with API token ID: YD0qo663PK
[2023-06-09 02:43:08,051][whylogs.api.writer.whylabs][INFO] - checking: https://whylabs-public.s3.us-west-2.amazonaws.com/whylogs_config/whylabs_condition_count_disabled
[2023-06-09 02:43:09,312][whylogs.api.writer.whylabs][INFO] - checking: https://whylabs-public.s3.us-west-2.amazonaws.com/whylogs_config/whylabs_condition_count_disabled
[2023-06-09 02:43:09,313][whylogs.api.writer.whylabs][INFO] - headers are: {'x-amz-id-2': 'hbyU4QEJ+HbKlynszOx4LnaAztcfFqjkq84qDViJPh0SERJ3zdiQ1A0iVvb714XmZbqrDSmKteg=', 'x-amz-request-id': '5ZBVH1J0D39ZCC91', 'Date': 'Fri, 09 Jun 2023 09:43:11 GMT', 'Last-Modified': 'Thu, 23 Feb 2023 17:53:29 GMT', 'ETag': '"c4ca4238a0b923820dcc509a6f75849b"', 'x-amz-server-side-encryption': 'AES256', 'Accept-Ranges': 'bytes', 'Content-Type': 'binary/octet-stream', 'Server': 'AmazonS3', 'Content-Length': '1'} code: 200
[2023-06-09 02:43:09,314][whylogs.api.writer.whylabs][INFO] - found the whylabs condition count disabled file so running uncompound on condition count metrics
[2023-06-09 02:43:12,305][whylogs.api.writer.whylabs][INFO] - Done uploading org-YNx5UG/model-3/1686303767846 to https://api.whylabsapp.com with API token ID: YD0qo663PK
[2023-06-09 02:43:32,720][whylogs.api.writer.whylabs][INFO] - checking: https://whylabs-public.s3.us-west-2.amazonaws.com/whylogs_config/whylabs_condition_count_disabled
[2023-06-09 02:43:34,064][whylogs.api.writer.whylabs][INFO] - checking: https://whylabs-public.s3.us-west-2.amazonaws.com/whylogs_config/whylabs_condition_count_disabled
[2023-06-09 02:43:34,065][whylogs.api.writer.whylabs][INFO] - headers are: {'x-amz-id-2': 'owgvCgLwGq1YXXUS6iKmDO/VC9q55cXDXH+zNOXDiEENTOhQQkp0s3coW9fVsa+3SYVXWk7wqKIAfWe1kRG2Vw==', 'x-amz-request-id': 'Q035ZAS390W25VBN', 'Date': 'Fri, 09 Jun 2023 09:43:35 GMT', 'Last-Modified': 'Thu, 23 Feb 2023 17:53:29 GMT', 'ETag': '"c4ca4238a0b923820dcc509a6f75849b"', 'x-amz-server-side-encryption': 'AES256', 'Accept-Ranges': 'bytes', 'Content-Type': 'binary/octet-stream', 'Server': 'AmazonS3', 'Content-Length': '1'} code: 200
[2023-06-09 02:43:34,070][whylogs.api.writer.whylabs][INFO] - found the whylabs condition count disabled file so running uncompound on condition count metrics
[2023-06-09 02:43:36,288][whylogs.api.writer.whylabs][INFO] - Done uploading org-YNx5UG/model-3/1686217392306 to https://api.whylabsapp.com with API token ID: YD0qo663PK
[2023-06-09 02:43:55,327][whylogs.api.writer.whylabs][INFO] - checking: https://whylabs-public.s3.us-west-2.amazonaws.com/whylogs_config/whylabs_condition_count_disabled
[2023-06-09 02:43:59,590][whylogs.api.writer.whylabs][INFO] - checking: https://whylabs-public.s3.us-west-2.amazonaws.com/whylogs_config/whylabs_condition_count_disabled
[2023-06-09 02:43:59,591][whylogs.api.writer.whylabs][INFO] - headers are: {'x-amz-id-2': '0qzg0w8jUctyYNEi9D4tTh/G+sCW5V2E6InDOxYsW2g7sbXzaIEA0ypgjLBv84+VkPAoNlS4X7k=', 'x-amz-request-id': '1RTGA1AQ31APGWDG', 'Date': 'Fri, 09 Jun 2023 09:44:01 GMT', 'Last-Modified': 'Thu, 23 Feb 2023 17:53:29 GMT', 'ETag': '"c4ca4238a0b923820dcc509a6f75849b"', 'x-amz-server-side-encryption': 'AES256', 'Accept-Ranges': 'bytes', 'Content-Type': 'binary/octet-stream', 'Server': 'AmazonS3', 'Content-Length': '1'} code: 200
[2023-06-09 02:43:59,592][whylogs.api.writer.whylabs][INFO] - found the whylabs condition count disabled file so running uncompound on condition count metrics
[2023-06-09 02:44:01,807][whylogs.api.writer.whylabs][INFO] - Done uploading org-YNx5UG/model-3/1686131016291 to https://api.whylabsapp.com with API token ID: YD0qo663PK
[2023-06-09 02:44:21,865][whylogs.api.writer.whylabs][INFO] - checking: https://whylabs-public.s3.us-west-2.amazonaws.com/whylogs_config/whylabs_condition_count_disabled
[2023-06-09 02:44:23,131][whylogs.api.writer.whylabs][INFO] - checking: https://whylabs-public.s3.us-west-2.amazonaws.com/whylogs_config/whylabs_condition_count_disabled
[2023-06-09 02:44:23,133][whylogs.api.writer.whylabs][INFO] - headers are: {'x-amz-id-2': 'JjRjOHi4mk7WeH+GrLogvnaiudIY0pdSCH9pG9aPk4mUgKChwigkhCyXL15AGjQw2SjxReOl6hSMPvRrfbxtLw==', 'x-amz-request-id': 'ZVF3F1YZQMJC14Q9', 'Date': 'Fri, 09 Jun 2023 09:44:25 GMT', 'Last-Modified': 'Thu, 23 Feb 2023 17:53:29 GMT', 'ETag': '"c4ca4238a0b923820dcc509a6f75849b"', 'x-amz-server-side-encryption': 'AES256', 'Accept-Ranges': 'bytes', 'Content-Type': 'binary/octet-stream', 'Server': 'AmazonS3', 'Content-Length': '1'} code: 200
[2023-06-09 02:44:23,136][whylogs.api.writer.whylabs][INFO] - found the whylabs condition count disabled file so running uncompound on condition count metrics
[2023-06-09 02:44:25,266][whylogs.api.writer.whylabs][INFO] - Done uploading org-YNx5UG/model-3/1686044641809 to https://api.whylabsapp.com with API token ID: YD0qo663PK
[2023-06-09 02:44:46,410][whylogs.api.writer.whylabs][INFO] - checking: https://whylabs-public.s3.us-west-2.amazonaws.com/whylogs_config/whylabs_condition_count_disabled
[2023-06-09 02:44:47,639][whylogs.api.writer.whylabs][INFO] - checking: https://whylabs-public.s3.us-west-2.amazonaws.com/whylogs_config/whylabs_condition_count_disabled
[2023-06-09 02:44:47,640][whylogs.api.writer.whylabs][INFO] - headers are: {'x-amz-id-2': '1HxDfZyInkCRWAhCyhay36VMZbl1DUmN7TVQ7pGfhtN2cRaBvqqEnt2ijbpnDl3Jt4c1oJAYA7VH8LwhSv9GIA==', 'x-amz-request-id': '8TEC2Z90E01W0WD6', 'Date': 'Fri, 09 Jun 2023 09:44:49 GMT', 'Last-Modified': 'Thu, 23 Feb 2023 17:53:29 GMT', 'ETag': '"c4ca4238a0b923820dcc509a6f75849b"', 'x-amz-server-side-encryption': 'AES256', 'Accept-Ranges': 'bytes', 'Content-Type': 'binary/octet-stream', 'Server': 'AmazonS3', 'Content-Length': '1'} code: 200
[2023-06-09 02:44:47,641][whylogs.api.writer.whylabs][INFO] - found the whylabs condition count disabled file so running uncompound on condition count metrics
[2023-06-09 02:44:52,807][whylogs.api.writer.whylabs][INFO] - Done uploading org-YNx5UG/model-3/1686303865269 to https://api.whylabsapp.com with API token ID: YD0qo663PK
