[2023-06-09 00:34:31,001][whylogs.api.writer.whylabs][INFO] - checking: https://whylabs-public.s3.us-west-2.amazonaws.com/whylogs_config/whylabs_condition_count_disabled
[2023-06-09 00:34:44,136][whylogs.api.writer.whylabs][INFO] - checking: https://whylabs-public.s3.us-west-2.amazonaws.com/whylogs_config/whylabs_condition_count_disabled
[2023-06-09 00:34:44,137][whylogs.api.writer.whylabs][INFO] - headers are: {'x-amz-id-2': 'iFJSECM1GURFd24NPsiCFnmzudixaORS8Zxvyjl4TiQu0z68eu1C3qW7g71Ssb3esFi11zACTGQ=', 'x-amz-request-id': '40KGPZKW1XBF8H17', 'Date': 'Fri, 09 Jun 2023 07:34:45 GMT', 'Last-Modified': 'Thu, 23 Feb 2023 17:53:29 GMT', 'ETag': '"c4ca4238a0b923820dcc509a6f75849b"', 'x-amz-server-side-encryption': 'AES256', 'Accept-Ranges': 'bytes', 'Content-Type': 'binary/octet-stream', 'Server': 'AmazonS3', 'Content-Length': '1'} code: 200
[2023-06-09 00:34:44,138][whylogs.api.writer.whylabs][INFO] - found the whylabs condition count disabled file so running uncompound on condition count metrics
[2023-06-09 00:38:47,759][whylogs.api.writer.whylabs][INFO] - Done uploading org-YNx5UG/model-3/1686296051954 to https://api.whylabsapp.com with API token ID: YD0qo663PK
[2023-06-09 00:39:05,510][whylogs.api.writer.whylabs][INFO] - checking: https://whylabs-public.s3.us-west-2.amazonaws.com/whylogs_config/whylabs_condition_count_disabled
[2023-06-09 00:39:06,938][whylogs.api.writer.whylabs][INFO] - checking: https://whylabs-public.s3.us-west-2.amazonaws.com/whylogs_config/whylabs_condition_count_disabled
[2023-06-09 00:39:06,941][whylogs.api.writer.whylabs][INFO] - headers are: {'x-amz-id-2': 'vj6dq9AEBw99S3xb474mbeoqga338FLgyImZ8Pv+3ex0nxitJT4BkxFyXKsU2WLN2RllE4EC+fw=', 'x-amz-request-id': 'R334S04YYWGWMZ5N', 'Date': 'Fri, 09 Jun 2023 07:39:08 GMT', 'Last-Modified': 'Thu, 23 Feb 2023 17:53:29 GMT', 'ETag': '"c4ca4238a0b923820dcc509a6f75849b"', 'x-amz-server-side-encryption': 'AES256', 'Accept-Ranges': 'bytes', 'Content-Type': 'binary/octet-stream', 'Server': 'AmazonS3', 'Content-Length': '1'} code: 200
[2023-06-09 00:39:06,941][whylogs.api.writer.whylabs][INFO] - found the whylabs condition count disabled file so running uncompound on condition count metrics
[2023-06-09 00:39:33,458][whylogs.api.writer.whylabs][INFO] - Done uploading org-YNx5UG/model-3/1686296327763 to https://api.whylabsapp.com with API token ID: YD0qo663PK
[2023-06-09 00:39:51,337][whylogs.api.writer.whylabs][INFO] - checking: https://whylabs-public.s3.us-west-2.amazonaws.com/whylogs_config/whylabs_condition_count_disabled
[2023-06-09 00:39:52,899][whylogs.api.writer.whylabs][INFO] - checking: https://whylabs-public.s3.us-west-2.amazonaws.com/whylogs_config/whylabs_condition_count_disabled
[2023-06-09 00:39:52,901][whylogs.api.writer.whylabs][INFO] - headers are: {'x-amz-id-2': 'R42DiEtc90p1c0QO1/3MuBZpCtUfT4rdNVDJ70HF8ywyXoigulKUGXrs9U9fQyUmjP293GpuPaE=', 'x-amz-request-id': 'EZXHRS3WS21SDYD5', 'Date': 'Fri, 09 Jun 2023 07:39:54 GMT', 'Last-Modified': 'Thu, 23 Feb 2023 17:53:29 GMT', 'ETag': '"c4ca4238a0b923820dcc509a6f75849b"', 'x-amz-server-side-encryption': 'AES256', 'Accept-Ranges': 'bytes', 'Content-Type': 'binary/octet-stream', 'Server': 'AmazonS3', 'Content-Length': '1'} code: 200
[2023-06-09 00:39:52,905][whylogs.api.writer.whylabs][INFO] - found the whylabs condition count disabled file so running uncompound on condition count metrics
[2023-06-09 00:40:02,809][whylogs.api.writer.whylabs][INFO] - Done uploading org-YNx5UG/model-3/1686209973459 to https://api.whylabsapp.com with API token ID: YD0qo663PK
[2023-06-09 00:40:20,684][whylogs.api.writer.whylabs][INFO] - checking: https://whylabs-public.s3.us-west-2.amazonaws.com/whylogs_config/whylabs_condition_count_disabled
[2023-06-09 00:40:25,037][whylogs.api.writer.whylabs][INFO] - checking: https://whylabs-public.s3.us-west-2.amazonaws.com/whylogs_config/whylabs_condition_count_disabled
[2023-06-09 00:40:25,039][whylogs.api.writer.whylabs][INFO] - headers are: {'x-amz-id-2': 'o7cgmpMcD5hvb6B+1h18PY0+SwylKqbTCbJRYsTTFilHjz49RruO8ni1cEUz7nda1TcQIW5pJ3g=', 'x-amz-request-id': 'H3GS30DY3WM6YM91', 'Date': 'Fri, 09 Jun 2023 07:40:26 GMT', 'Last-Modified': 'Thu, 23 Feb 2023 17:53:29 GMT', 'ETag': '"c4ca4238a0b923820dcc509a6f75849b"', 'x-amz-server-side-encryption': 'AES256', 'Accept-Ranges': 'bytes', 'Content-Type': 'binary/octet-stream', 'Server': 'AmazonS3', 'Content-Length': '1'} code: 200
[2023-06-09 00:40:25,041][whylogs.api.writer.whylabs][INFO] - found the whylabs condition count disabled file so running uncompound on condition count metrics
[2023-06-09 00:40:29,695][whylogs.api.writer.whylabs][INFO] - Done uploading org-YNx5UG/model-3/1686123602811 to https://api.whylabsapp.com with API token ID: YD0qo663PK
[2023-06-09 00:40:47,574][whylogs.api.writer.whylabs][INFO] - checking: https://whylabs-public.s3.us-west-2.amazonaws.com/whylogs_config/whylabs_condition_count_disabled
[2023-06-09 00:40:48,894][whylogs.api.writer.whylabs][INFO] - checking: https://whylabs-public.s3.us-west-2.amazonaws.com/whylogs_config/whylabs_condition_count_disabled
[2023-06-09 00:40:48,895][whylogs.api.writer.whylabs][INFO] - headers are: {'x-amz-id-2': 'tKuuCimCtmbY3ed1iuQ9Wm/+XkHBYFTI9pTgjxthMOweUrvtLQzukSIngpyXqzTijh6TpHylnWSUfeyP8lvwrw==', 'x-amz-request-id': '45YMV6KQGQ1W4WMQ', 'Date': 'Fri, 09 Jun 2023 07:40:50 GMT', 'Last-Modified': 'Thu, 23 Feb 2023 17:53:29 GMT', 'ETag': '"c4ca4238a0b923820dcc509a6f75849b"', 'x-amz-server-side-encryption': 'AES256', 'Accept-Ranges': 'bytes', 'Content-Type': 'binary/octet-stream', 'Server': 'AmazonS3', 'Content-Length': '1'} code: 200
[2023-06-09 00:40:48,895][whylogs.api.writer.whylabs][INFO] - found the whylabs condition count disabled file so running uncompound on condition count metrics
[2023-06-09 00:41:11,287][whylogs.api.writer.whylabs][INFO] - Done uploading org-YNx5UG/model-3/1686037229696 to https://api.whylabsapp.com with API token ID: YD0qo663PK
[2023-06-09 00:41:29,896][whylogs.api.writer.whylabs][INFO] - checking: https://whylabs-public.s3.us-west-2.amazonaws.com/whylogs_config/whylabs_condition_count_disabled
[2023-06-09 00:41:31,438][whylogs.api.writer.whylabs][INFO] - checking: https://whylabs-public.s3.us-west-2.amazonaws.com/whylogs_config/whylabs_condition_count_disabled
[2023-06-09 00:41:31,439][whylogs.api.writer.whylabs][INFO] - headers are: {'x-amz-id-2': 'N2DMnrwlsvuDMrdWWAhVjOGChQG4QDrEAnSCSUWyzLPMWaK8RyW/eu2pCt0PExRk/7LkIbHIWKWskcbaKNFVdQ==', 'x-amz-request-id': 'CRGKWE5Z8GSXGNJZ', 'Date': 'Fri, 09 Jun 2023 07:41:33 GMT', 'Last-Modified': 'Thu, 23 Feb 2023 17:53:29 GMT', 'ETag': '"c4ca4238a0b923820dcc509a6f75849b"', 'x-amz-server-side-encryption': 'AES256', 'Accept-Ranges': 'bytes', 'Content-Type': 'binary/octet-stream', 'Server': 'AmazonS3', 'Content-Length': '1'} code: 200
[2023-06-09 00:41:31,440][whylogs.api.writer.whylabs][INFO] - found the whylabs condition count disabled file so running uncompound on condition count metrics
[2023-06-09 00:41:54,324][whylogs.api.writer.whylabs][INFO] - Done uploading org-YNx5UG/model-3/1686296471292 to https://api.whylabsapp.com with API token ID: YD0qo663PK
[2023-06-09 00:42:17,814][whylogs.api.writer.whylabs][INFO] - checking: https://whylabs-public.s3.us-west-2.amazonaws.com/whylogs_config/whylabs_condition_count_disabled
[2023-06-09 00:42:21,783][whylogs.api.writer.whylabs][INFO] - checking: https://whylabs-public.s3.us-west-2.amazonaws.com/whylogs_config/whylabs_condition_count_disabled
[2023-06-09 00:42:21,784][whylogs.api.writer.whylabs][INFO] - headers are: {'x-amz-id-2': 'FBshA7bsq7QJOlGHLR0VKp88tqkWvaG1blDmwwK8YOrq71okFqbGzAFucV6jtRB1nzIBC/6tNYs=', 'x-amz-request-id': 'YVZ0YYGD0DA6MQT2', 'Date': 'Fri, 09 Jun 2023 07:42:23 GMT', 'Last-Modified': 'Thu, 23 Feb 2023 17:53:29 GMT', 'ETag': '"c4ca4238a0b923820dcc509a6f75849b"', 'x-amz-server-side-encryption': 'AES256', 'Accept-Ranges': 'bytes', 'Content-Type': 'binary/octet-stream', 'Server': 'AmazonS3', 'Content-Length': '1'} code: 200
[2023-06-09 00:42:21,785][whylogs.api.writer.whylabs][INFO] - found the whylabs condition count disabled file so running uncompound on condition count metrics
[2023-06-09 00:42:25,788][whylogs.api.writer.whylabs][INFO] - Done uploading org-YNx5UG/model-3/1686296536606 to https://api.whylabsapp.com with API token ID: YD0qo663PK
[2023-06-09 00:42:26,894][whylogs.api.writer.whylabs][INFO] - checking: https://whylabs-public.s3.us-west-2.amazonaws.com/whylogs_config/whylabs_condition_count_disabled
[2023-06-09 00:42:30,775][whylogs.api.writer.whylabs][INFO] - checking: https://whylabs-public.s3.us-west-2.amazonaws.com/whylogs_config/whylabs_condition_count_disabled
[2023-06-09 00:42:30,776][whylogs.api.writer.whylabs][INFO] - headers are: {'x-amz-id-2': 'bBujhRB2eFDjHUDgoxa4RuRQIz+BylvMgY9C+veEYvY23NU54EP2iKlSiGwTM/znKSWnbVnhOp8=', 'x-amz-request-id': '4DT1J330SWXXN0VD', 'Date': 'Fri, 09 Jun 2023 07:42:32 GMT', 'Last-Modified': 'Thu, 23 Feb 2023 17:53:29 GMT', 'ETag': '"c4ca4238a0b923820dcc509a6f75849b"', 'x-amz-server-side-encryption': 'AES256', 'Accept-Ranges': 'bytes', 'Content-Type': 'binary/octet-stream', 'Server': 'AmazonS3', 'Content-Length': '1'} code: 200
[2023-06-09 00:42:30,780][whylogs.api.writer.whylabs][INFO] - found the whylabs condition count disabled file so running uncompound on condition count metrics
[2023-06-09 00:42:33,165][whylogs.api.writer.whylabs][INFO] - Done uploading org-YNx5UG/model-3/1686210145801 to https://api.whylabsapp.com with API token ID: YD0qo663PK
[2023-06-09 00:42:34,382][whylogs.api.writer.whylabs][INFO] - checking: https://whylabs-public.s3.us-west-2.amazonaws.com/whylogs_config/whylabs_condition_count_disabled
[2023-06-09 00:42:36,440][whylogs.api.writer.whylabs][INFO] - checking: https://whylabs-public.s3.us-west-2.amazonaws.com/whylogs_config/whylabs_condition_count_disabled
[2023-06-09 00:42:36,440][whylogs.api.writer.whylabs][INFO] - headers are: {'x-amz-id-2': '8NHzQbObFUFZU9Q9NPlKcigtmaPyDMhbxLnhevDvC3e8G16QaPseQoxn9gSeZSNPhQ7h+UL5FeY=', 'x-amz-request-id': 'E9QF1J1V50JGTAZ6', 'Date': 'Fri, 09 Jun 2023 07:42:37 GMT', 'Last-Modified': 'Thu, 23 Feb 2023 17:53:29 GMT', 'ETag': '"c4ca4238a0b923820dcc509a6f75849b"', 'x-amz-server-side-encryption': 'AES256', 'Accept-Ranges': 'bytes', 'Content-Type': 'binary/octet-stream', 'Server': 'AmazonS3', 'Content-Length': '1'} code: 200
[2023-06-09 00:42:36,442][whylogs.api.writer.whylabs][INFO] - found the whylabs condition count disabled file so running uncompound on condition count metrics
[2023-06-09 00:42:37,810][whylogs.api.writer.whylabs][INFO] - Done uploading org-YNx5UG/model-3/1686123753193 to https://api.whylabsapp.com with API token ID: YD0qo663PK
[2023-06-09 00:42:39,137][whylogs.api.writer.whylabs][INFO] - checking: https://whylabs-public.s3.us-west-2.amazonaws.com/whylogs_config/whylabs_condition_count_disabled
[2023-06-09 00:42:40,418][whylogs.api.writer.whylabs][INFO] - checking: https://whylabs-public.s3.us-west-2.amazonaws.com/whylogs_config/whylabs_condition_count_disabled
[2023-06-09 00:42:40,419][whylogs.api.writer.whylabs][INFO] - headers are: {'x-amz-id-2': 'PriRpnRWEeSmdtClWjuLQZRA6OBNAGdwvYK85Jq5uInRUH28RtRnFoLqOK6dUY3uFZNDUMxyhzaagYEcu50lqA==', 'x-amz-request-id': 'K6Q1NQG3FFJRPTKS', 'Date': 'Fri, 09 Jun 2023 07:42:42 GMT', 'Last-Modified': 'Thu, 23 Feb 2023 17:53:29 GMT', 'ETag': '"c4ca4238a0b923820dcc509a6f75849b"', 'x-amz-server-side-encryption': 'AES256', 'Accept-Ranges': 'bytes', 'Content-Type': 'binary/octet-stream', 'Server': 'AmazonS3', 'Content-Length': '1'} code: 200
[2023-06-09 00:42:40,420][whylogs.api.writer.whylabs][INFO] - found the whylabs condition count disabled file so running uncompound on condition count metrics
[2023-06-09 00:42:41,558][whylogs.api.writer.whylabs][INFO] - Done uploading org-YNx5UG/model-3/1686037357820 to https://api.whylabsapp.com with API token ID: YD0qo663PK
