[2023-06-09 03:01:27,359][whylogs.api.writer.whylabs][INFO] - checking: https://whylabs-public.s3.us-west-2.amazonaws.com/whylogs_config/whylabs_condition_count_disabled
[2023-06-09 03:01:28,627][whylogs.api.writer.whylabs][INFO] - checking: https://whylabs-public.s3.us-west-2.amazonaws.com/whylogs_config/whylabs_condition_count_disabled
[2023-06-09 03:01:28,628][whylogs.api.writer.whylabs][INFO] - headers are: {'x-amz-id-2': 'Gj8kijDl3LcOx243cjgR3RM0kNsZr4/Q6vQeNV9T8xU4fBCpjDfmi3uKR9+nLAC5W4uErSln/H8=', 'x-amz-request-id': '1EWYB49HSS1G4HH9', 'Date': 'Fri, 09 Jun 2023 10:01:30 GMT', 'Last-Modified': 'Thu, 23 Feb 2023 17:53:29 GMT', 'ETag': '"c4ca4238a0b923820dcc509a6f75849b"', 'x-amz-server-side-encryption': 'AES256', 'Accept-Ranges': 'bytes', 'Content-Type': 'binary/octet-stream', 'Server': 'AmazonS3', 'Content-Length': '1'} code: 200
[2023-06-09 03:01:28,631][whylogs.api.writer.whylabs][INFO] - found the whylabs condition count disabled file so running uncompound on condition count metrics
[2023-06-09 03:01:41,899][whylogs.api.writer.whylabs][INFO] - Done uploading org-YNx5UG/model-3/1686304867167 to https://api.whylabsapp.com with API token ID: YD0qo663PK
[2023-06-09 03:02:04,698][whylogs.api.writer.whylabs][INFO] - checking: https://whylabs-public.s3.us-west-2.amazonaws.com/whylogs_config/whylabs_condition_count_disabled
[2023-06-09 03:02:08,936][whylogs.api.writer.whylabs][INFO] - checking: https://whylabs-public.s3.us-west-2.amazonaws.com/whylogs_config/whylabs_condition_count_disabled
[2023-06-09 03:02:08,937][whylogs.api.writer.whylabs][INFO] - headers are: {'x-amz-id-2': 'CPMXIWo60LzRAcxhqdS2PSCLLRfxZsUBwhYvRj97b7Wdp8VSMLz9NHzgofFyEbXXjsozxCzNdKo=', 'x-amz-request-id': 'DQG56Y7T15JM8SN2', 'Date': 'Fri, 09 Jun 2023 10:02:10 GMT', 'Last-Modified': 'Thu, 23 Feb 2023 17:53:29 GMT', 'ETag': '"c4ca4238a0b923820dcc509a6f75849b"', 'x-amz-server-side-encryption': 'AES256', 'Accept-Ranges': 'bytes', 'Content-Type': 'binary/octet-stream', 'Server': 'AmazonS3', 'Content-Length': '1'} code: 200
[2023-06-09 03:02:08,940][whylogs.api.writer.whylabs][INFO] - found the whylabs condition count disabled file so running uncompound on condition count metrics
[2023-06-09 03:02:15,865][whylogs.api.writer.whylabs][INFO] - Done uploading org-YNx5UG/model-3/1686304901902 to https://api.whylabsapp.com with API token ID: YD0qo663PK
[2023-06-09 03:02:34,481][whylogs.api.writer.whylabs][INFO] - checking: https://whylabs-public.s3.us-west-2.amazonaws.com/whylogs_config/whylabs_condition_count_disabled
[2023-06-09 03:02:38,745][whylogs.api.writer.whylabs][INFO] - checking: https://whylabs-public.s3.us-west-2.amazonaws.com/whylogs_config/whylabs_condition_count_disabled
[2023-06-09 03:02:38,746][whylogs.api.writer.whylabs][INFO] - headers are: {'x-amz-id-2': 'k0j76fRphPLN8Y1rs4byLBC+AHnl4VXm2gdm/tXjtoqkboTlSm+p7P9Jw1aQKKAVbgOmQAmOohk=', 'x-amz-request-id': 'XX62X6Q3589BSFYE', 'Date': 'Fri, 09 Jun 2023 10:02:40 GMT', 'Last-Modified': 'Thu, 23 Feb 2023 17:53:29 GMT', 'ETag': '"c4ca4238a0b923820dcc509a6f75849b"', 'x-amz-server-side-encryption': 'AES256', 'Accept-Ranges': 'bytes', 'Content-Type': 'binary/octet-stream', 'Server': 'AmazonS3', 'Content-Length': '1'} code: 200
[2023-06-09 03:02:38,747][whylogs.api.writer.whylabs][INFO] - found the whylabs condition count disabled file so running uncompound on condition count metrics
[2023-06-09 03:02:42,748][whylogs.api.writer.whylabs][INFO] - Done uploading org-YNx5UG/model-3/1686218535867 to https://api.whylabsapp.com with API token ID: YD0qo663PK
[2023-06-09 03:03:05,648][whylogs.api.writer.whylabs][INFO] - checking: https://whylabs-public.s3.us-west-2.amazonaws.com/whylogs_config/whylabs_condition_count_disabled
[2023-06-09 03:03:09,893][whylogs.api.writer.whylabs][INFO] - checking: https://whylabs-public.s3.us-west-2.amazonaws.com/whylogs_config/whylabs_condition_count_disabled
[2023-06-09 03:03:09,895][whylogs.api.writer.whylabs][INFO] - headers are: {'x-amz-id-2': 'C1LLxMp00NJz11DmAvpuiDeH9amQTOa2t4JVpJA0TmXPJBPCBroFSqYxK26OTTmnxKl6O2DKsmrrq52f/5e+cQ==', 'x-amz-request-id': '19K2DV4JJGSAJED6', 'Date': 'Fri, 09 Jun 2023 10:03:11 GMT', 'Last-Modified': 'Thu, 23 Feb 2023 17:53:29 GMT', 'ETag': '"c4ca4238a0b923820dcc509a6f75849b"', 'x-amz-server-side-encryption': 'AES256', 'Accept-Ranges': 'bytes', 'Content-Type': 'binary/octet-stream', 'Server': 'AmazonS3', 'Content-Length': '1'} code: 200
[2023-06-09 03:03:09,899][whylogs.api.writer.whylabs][INFO] - found the whylabs condition count disabled file so running uncompound on condition count metrics
[2023-06-09 03:03:13,460][whylogs.api.writer.whylabs][INFO] - Done uploading org-YNx5UG/model-3/1686132162751 to https://api.whylabsapp.com with API token ID: YD0qo663PK
[2023-06-09 03:03:32,898][whylogs.api.writer.whylabs][INFO] - checking: https://whylabs-public.s3.us-west-2.amazonaws.com/whylogs_config/whylabs_condition_count_disabled
[2023-06-09 03:03:34,175][whylogs.api.writer.whylabs][INFO] - checking: https://whylabs-public.s3.us-west-2.amazonaws.com/whylogs_config/whylabs_condition_count_disabled
[2023-06-09 03:03:34,176][whylogs.api.writer.whylabs][INFO] - headers are: {'x-amz-id-2': 'Ul2vDMYxcat05k1KtYfI94enbZI8u1AfcFGQKIYHSaygZ4O57/Xb4m1qRKzx02svRnxDQS6TPmbedPUCoSRz6A==', 'x-amz-request-id': 'CMCTATX86CKHY4BC', 'Date': 'Fri, 09 Jun 2023 10:03:36 GMT', 'Last-Modified': 'Thu, 23 Feb 2023 17:53:29 GMT', 'ETag': '"c4ca4238a0b923820dcc509a6f75849b"', 'x-amz-server-side-encryption': 'AES256', 'Accept-Ranges': 'bytes', 'Content-Type': 'binary/octet-stream', 'Server': 'AmazonS3', 'Content-Length': '1'} code: 200
[2023-06-09 03:03:34,180][whylogs.api.writer.whylabs][INFO] - found the whylabs condition count disabled file so running uncompound on condition count metrics
[2023-06-09 03:03:47,104][whylogs.api.writer.whylabs][INFO] - Done uploading org-YNx5UG/model-3/1686045793461 to https://api.whylabsapp.com with API token ID: YD0qo663PK
[2023-06-09 03:04:13,132][whylogs.api.writer.whylabs][INFO] - checking: https://whylabs-public.s3.us-west-2.amazonaws.com/whylogs_config/whylabs_condition_count_disabled
[2023-06-09 03:04:14,538][whylogs.api.writer.whylabs][INFO] - checking: https://whylabs-public.s3.us-west-2.amazonaws.com/whylogs_config/whylabs_condition_count_disabled
[2023-06-09 03:04:14,539][whylogs.api.writer.whylabs][INFO] - headers are: {'x-amz-id-2': 'maaBsXdcxBx/xumBpRNQvVWxG1AnDklcqq2Y8gYcrv9rzHgWRuXGxBlVdn1fIcwi3zveOFHzh/E=', 'x-amz-request-id': 'CSZNEYB8MPW4N38Q', 'Date': 'Fri, 09 Jun 2023 10:04:16 GMT', 'Last-Modified': 'Thu, 23 Feb 2023 17:53:29 GMT', 'ETag': '"c4ca4238a0b923820dcc509a6f75849b"', 'x-amz-server-side-encryption': 'AES256', 'Accept-Ranges': 'bytes', 'Content-Type': 'binary/octet-stream', 'Server': 'AmazonS3', 'Content-Length': '1'} code: 200
[2023-06-09 03:04:14,541][whylogs.api.writer.whylabs][INFO] - found the whylabs condition count disabled file so running uncompound on condition count metrics
[2023-06-09 03:04:21,047][whylogs.api.writer.whylabs][INFO] - Done uploading org-YNx5UG/model-3/1686305027108 to https://api.whylabsapp.com with API token ID: YD0qo663PK
[2023-06-09 03:04:44,596][whylogs.api.writer.whylabs][INFO] - checking: https://whylabs-public.s3.us-west-2.amazonaws.com/whylogs_config/whylabs_condition_count_disabled
[2023-06-09 03:04:45,837][whylogs.api.writer.whylabs][INFO] - checking: https://whylabs-public.s3.us-west-2.amazonaws.com/whylogs_config/whylabs_condition_count_disabled
[2023-06-09 03:04:45,837][whylogs.api.writer.whylabs][INFO] - headers are: {'x-amz-id-2': 'FuLUEqRMLEWyfhxCHhkd+4o/FbEca7m6iPfQm3FDWuFBtTHbid0XyJERkgEwQkKIMtff5Iiu3glZrcWYdNgRRQ==', 'x-amz-request-id': 'YE5Z23Z8VPKAAPC6', 'Date': 'Fri, 09 Jun 2023 10:04:47 GMT', 'Last-Modified': 'Thu, 23 Feb 2023 17:53:29 GMT', 'ETag': '"c4ca4238a0b923820dcc509a6f75849b"', 'x-amz-server-side-encryption': 'AES256', 'Accept-Ranges': 'bytes', 'Content-Type': 'binary/octet-stream', 'Server': 'AmazonS3', 'Content-Length': '1'} code: 200
[2023-06-09 03:04:45,839][whylogs.api.writer.whylabs][INFO] - found the whylabs condition count disabled file so running uncompound on condition count metrics
[2023-06-09 03:04:47,962][whylogs.api.writer.whylabs][INFO] - Done uploading org-YNx5UG/model-3/1686305083857 to https://api.whylabsapp.com with API token ID: YD0qo663PK
[2023-06-09 03:04:49,221][whylogs.api.writer.whylabs][INFO] - checking: https://whylabs-public.s3.us-west-2.amazonaws.com/whylogs_config/whylabs_condition_count_disabled
[2023-06-09 03:04:50,751][whylogs.api.writer.whylabs][INFO] - checking: https://whylabs-public.s3.us-west-2.amazonaws.com/whylogs_config/whylabs_condition_count_disabled
[2023-06-09 03:04:50,751][whylogs.api.writer.whylabs][INFO] - headers are: {'x-amz-id-2': 'WsoTg+Ro2+zCdrQOiueyJDkXhljxvFQN79JmyluV5mojcohub35mUx+Yl8FE9/ayI4woAOj85Es=', 'x-amz-request-id': '9X330E071TAN5C2T', 'Date': 'Fri, 09 Jun 2023 10:04:52 GMT', 'Last-Modified': 'Thu, 23 Feb 2023 17:53:29 GMT', 'ETag': '"c4ca4238a0b923820dcc509a6f75849b"', 'x-amz-server-side-encryption': 'AES256', 'Accept-Ranges': 'bytes', 'Content-Type': 'binary/octet-stream', 'Server': 'AmazonS3', 'Content-Length': '1'} code: 200
[2023-06-09 03:04:50,756][whylogs.api.writer.whylabs][INFO] - found the whylabs condition count disabled file so running uncompound on condition count metrics
[2023-06-09 03:04:52,005][whylogs.api.writer.whylabs][INFO] - Done uploading org-YNx5UG/model-3/1686218687968 to https://api.whylabsapp.com with API token ID: YD0qo663PK
[2023-06-09 03:04:52,662][whylogs.api.writer.whylabs][INFO] - checking: https://whylabs-public.s3.us-west-2.amazonaws.com/whylogs_config/whylabs_condition_count_disabled
[2023-06-09 03:04:53,983][whylogs.api.writer.whylabs][INFO] - checking: https://whylabs-public.s3.us-west-2.amazonaws.com/whylogs_config/whylabs_condition_count_disabled
[2023-06-09 03:04:53,983][whylogs.api.writer.whylabs][INFO] - headers are: {'x-amz-id-2': 'oIcr1vL0CJrjug4CbTxxyprr444bas91ffGe0l77FuxYEtQnaV/bB0o2t6X5aU+8k0HxQ9pqn4w=', 'x-amz-request-id': 'P0Q6TA77GGZJM7E5', 'Date': 'Fri, 09 Jun 2023 10:04:55 GMT', 'Last-Modified': 'Thu, 23 Feb 2023 17:53:29 GMT', 'ETag': '"c4ca4238a0b923820dcc509a6f75849b"', 'x-amz-server-side-encryption': 'AES256', 'Accept-Ranges': 'bytes', 'Content-Type': 'binary/octet-stream', 'Server': 'AmazonS3', 'Content-Length': '1'} code: 200
[2023-06-09 03:04:53,985][whylogs.api.writer.whylabs][INFO] - found the whylabs condition count disabled file so running uncompound on condition count metrics
[2023-06-09 03:04:55,161][whylogs.api.writer.whylabs][INFO] - Done uploading org-YNx5UG/model-3/1686132292015 to https://api.whylabsapp.com with API token ID: YD0qo663PK
[2023-06-09 03:04:55,831][whylogs.api.writer.whylabs][INFO] - checking: https://whylabs-public.s3.us-west-2.amazonaws.com/whylogs_config/whylabs_condition_count_disabled
[2023-06-09 03:04:56,972][whylogs.api.writer.whylabs][INFO] - checking: https://whylabs-public.s3.us-west-2.amazonaws.com/whylogs_config/whylabs_condition_count_disabled
[2023-06-09 03:04:56,974][whylogs.api.writer.whylabs][INFO] - headers are: {'x-amz-id-2': 'Jr99qh0KQzUUO4zOF+Qqp2YvJ1TK2y9jThiwnjHLE+RMb7rTMj7Du0aTNkuLVACE4cJgMhvHPQM=', 'x-amz-request-id': 'N94PBYK3K8F8YCMB', 'Date': 'Fri, 09 Jun 2023 10:04:58 GMT', 'Last-Modified': 'Thu, 23 Feb 2023 17:53:29 GMT', 'ETag': '"c4ca4238a0b923820dcc509a6f75849b"', 'x-amz-server-side-encryption': 'AES256', 'Accept-Ranges': 'bytes', 'Content-Type': 'binary/octet-stream', 'Server': 'AmazonS3', 'Content-Length': '1'} code: 200
[2023-06-09 03:04:56,976][whylogs.api.writer.whylabs][INFO] - found the whylabs condition count disabled file so running uncompound on condition count metrics
[2023-06-09 03:04:57,693][whylogs.api.writer.whylabs][INFO] - Done uploading org-YNx5UG/model-3/1686045895172 to https://api.whylabsapp.com with API token ID: YD0qo663PK
[2023-06-09 03:04:59,181][whylogs.api.writer.whylabs][INFO] - checking: https://whylabs-public.s3.us-west-2.amazonaws.com/whylogs_config/whylabs_condition_count_disabled
[2023-06-09 03:05:00,452][whylogs.api.writer.whylabs][INFO] - checking: https://whylabs-public.s3.us-west-2.amazonaws.com/whylogs_config/whylabs_condition_count_disabled
[2023-06-09 03:05:00,453][whylogs.api.writer.whylabs][INFO] - headers are: {'x-amz-id-2': 'sM8D5ufHAydX+J0GLV+XC2C2dAR57N3RpP/T2K5xOA/PsCubSYXibR52LL9r1NwNSuJBqmnizo4=', 'x-amz-request-id': 'GFBD7P6C2NE1SQQG', 'Date': 'Fri, 09 Jun 2023 10:05:02 GMT', 'Last-Modified': 'Thu, 23 Feb 2023 17:53:29 GMT', 'ETag': '"c4ca4238a0b923820dcc509a6f75849b"', 'x-amz-server-side-encryption': 'AES256', 'Accept-Ranges': 'bytes', 'Content-Type': 'binary/octet-stream', 'Server': 'AmazonS3', 'Content-Length': '1'} code: 200
[2023-06-09 03:05:00,454][whylogs.api.writer.whylabs][INFO] - found the whylabs condition count disabled file so running uncompound on condition count metrics
[2023-06-09 03:05:02,617][whylogs.api.writer.whylabs][INFO] - Done uploading org-YNx5UG/model-3/1686305099181 to https://api.whylabsapp.com with API token ID: YD0qo663PK
[2023-06-09 03:05:04,484][whylogs.api.writer.whylabs][INFO] - checking: https://whylabs-public.s3.us-west-2.amazonaws.com/whylogs_config/whylabs_condition_count_disabled
[2023-06-09 03:05:08,766][whylogs.api.writer.whylabs][INFO] - checking: https://whylabs-public.s3.us-west-2.amazonaws.com/whylogs_config/whylabs_condition_count_disabled
[2023-06-09 03:05:08,768][whylogs.api.writer.whylabs][INFO] - headers are: {'x-amz-id-2': 'bPjMUjO9vGcHAihDipWMk2Cw4vjWdtcDjSNqAxNrrYdqF0skQXYdf3bE2Lybr0l3Avm8q3YKwDg=', 'x-amz-request-id': 'A5PJEN41T2C1GN4Z', 'Date': 'Fri, 09 Jun 2023 10:05:10 GMT', 'Last-Modified': 'Thu, 23 Feb 2023 17:53:29 GMT', 'ETag': '"c4ca4238a0b923820dcc509a6f75849b"', 'x-amz-server-side-encryption': 'AES256', 'Accept-Ranges': 'bytes', 'Content-Type': 'binary/octet-stream', 'Server': 'AmazonS3', 'Content-Length': '1'} code: 200
[2023-06-09 03:05:08,772][whylogs.api.writer.whylabs][INFO] - found the whylabs condition count disabled file so running uncompound on condition count metrics
[2023-06-09 03:05:10,884][whylogs.api.writer.whylabs][INFO] - Done uploading org-YNx5UG/model-3/1686218704484 to https://api.whylabsapp.com with API token ID: YD0qo663PK
[2023-06-09 03:05:12,267][whylogs.api.writer.whylabs][INFO] - checking: https://whylabs-public.s3.us-west-2.amazonaws.com/whylogs_config/whylabs_condition_count_disabled
[2023-06-09 03:05:13,493][whylogs.api.writer.whylabs][INFO] - checking: https://whylabs-public.s3.us-west-2.amazonaws.com/whylogs_config/whylabs_condition_count_disabled
[2023-06-09 03:05:13,494][whylogs.api.writer.whylabs][INFO] - headers are: {'x-amz-id-2': '56CoHs4lOidzhYvF/vgnLNJk9AygGKJxjMWeoxhlgi/RVJM1u0u+Ik4R1Ez3ikR4aTfQAcH//ys=', 'x-amz-request-id': 'FGX23Q4B6R7R28KR', 'Date': 'Fri, 09 Jun 2023 10:05:15 GMT', 'Last-Modified': 'Thu, 23 Feb 2023 17:53:29 GMT', 'ETag': '"c4ca4238a0b923820dcc509a6f75849b"', 'x-amz-server-side-encryption': 'AES256', 'Accept-Ranges': 'bytes', 'Content-Type': 'binary/octet-stream', 'Server': 'AmazonS3', 'Content-Length': '1'} code: 200
[2023-06-09 03:05:13,496][whylogs.api.writer.whylabs][INFO] - found the whylabs condition count disabled file so running uncompound on condition count metrics
[2023-06-09 03:05:15,551][whylogs.api.writer.whylabs][INFO] - Done uploading org-YNx5UG/model-3/1686132312266 to https://api.whylabsapp.com with API token ID: YD0qo663PK
[2023-06-09 03:05:17,031][whylogs.api.writer.whylabs][INFO] - checking: https://whylabs-public.s3.us-west-2.amazonaws.com/whylogs_config/whylabs_condition_count_disabled
[2023-06-09 03:05:18,944][whylogs.api.writer.whylabs][INFO] - checking: https://whylabs-public.s3.us-west-2.amazonaws.com/whylogs_config/whylabs_condition_count_disabled
[2023-06-09 03:05:18,945][whylogs.api.writer.whylabs][INFO] - headers are: {'x-amz-id-2': 'QpNg5YaPndh5mUyoACMFZkUqGWH2TaPPiJGTSHQKc27LGwJXYL1E9w8jc+G8rWzUi/xSMMZKZWA=', 'x-amz-request-id': '0QN3YG23VAJGDNJ6', 'Date': 'Fri, 09 Jun 2023 10:05:20 GMT', 'Last-Modified': 'Thu, 23 Feb 2023 17:53:29 GMT', 'ETag': '"c4ca4238a0b923820dcc509a6f75849b"', 'x-amz-server-side-encryption': 'AES256', 'Accept-Ranges': 'bytes', 'Content-Type': 'binary/octet-stream', 'Server': 'AmazonS3', 'Content-Length': '1'} code: 200
[2023-06-09 03:05:18,946][whylogs.api.writer.whylabs][INFO] - found the whylabs condition count disabled file so running uncompound on condition count metrics
[2023-06-09 03:05:24,750][whylogs.api.writer.whylabs][INFO] - Done uploading org-YNx5UG/model-3/1686045917030 to https://api.whylabsapp.com with API token ID: YD0qo663PK
