[2023-06-09 00:59:14,563][whylogs.api.writer.whylabs][INFO] - checking: https://whylabs-public.s3.us-west-2.amazonaws.com/whylogs_config/whylabs_condition_count_disabled
[2023-06-09 00:59:15,856][whylogs.api.writer.whylabs][INFO] - checking: https://whylabs-public.s3.us-west-2.amazonaws.com/whylogs_config/whylabs_condition_count_disabled
[2023-06-09 00:59:15,858][whylogs.api.writer.whylabs][INFO] - headers are: {'x-amz-id-2': '/VF0O4yXtXxKFbhBRyyRBJk5GlEmbGXjfP5HkaZRTNYixQr8zAJ1yGpVr3pDR4s8OekhiHGq9o8=', 'x-amz-request-id': 'R2ER8MC3H05K2703', 'Date': 'Fri, 09 Jun 2023 07:59:17 GMT', 'Last-Modified': 'Thu, 23 Feb 2023 17:53:29 GMT', 'ETag': '"c4ca4238a0b923820dcc509a6f75849b"', 'x-amz-server-side-encryption': 'AES256', 'Accept-Ranges': 'bytes', 'Content-Type': 'binary/octet-stream', 'Server': 'AmazonS3', 'Content-Length': '1'} code: 200
[2023-06-09 00:59:15,859][whylogs.api.writer.whylabs][INFO] - found the whylabs condition count disabled file so running uncompound on condition count metrics
[2023-06-09 00:59:19,854][whylogs.api.writer.whylabs][INFO] - Done uploading org-YNx5UG/model-3/1686297533014 to https://api.whylabsapp.com with API token ID: YD0qo663PK
[2023-06-09 00:59:38,389][whylogs.api.writer.whylabs][INFO] - checking: https://whylabs-public.s3.us-west-2.amazonaws.com/whylogs_config/whylabs_condition_count_disabled
[2023-06-09 00:59:39,676][whylogs.api.writer.whylabs][INFO] - checking: https://whylabs-public.s3.us-west-2.amazonaws.com/whylogs_config/whylabs_condition_count_disabled
[2023-06-09 00:59:39,681][whylogs.api.writer.whylabs][INFO] - headers are: {'x-amz-id-2': 'aD+CM/7IafMiqdB1MdHEkDv38YFHNmIjjz0Snb+vb5eLX+BGr/sgG2D6OKdHDwnVTC2qFrGI0jPAATPSlajwtA==', 'x-amz-request-id': 'RFD1V898B505AM6Z', 'Date': 'Fri, 09 Jun 2023 07:59:41 GMT', 'Last-Modified': 'Thu, 23 Feb 2023 17:53:29 GMT', 'ETag': '"c4ca4238a0b923820dcc509a6f75849b"', 'x-amz-server-side-encryption': 'AES256', 'Accept-Ranges': 'bytes', 'Content-Type': 'binary/octet-stream', 'Server': 'AmazonS3', 'Content-Length': '1'} code: 200
[2023-06-09 00:59:39,687][whylogs.api.writer.whylabs][INFO] - found the whylabs condition count disabled file so running uncompound on condition count metrics
[2023-06-09 00:59:42,895][whylogs.api.writer.whylabs][INFO] - Done uploading org-YNx5UG/model-3/1686297559855 to https://api.whylabsapp.com with API token ID: YD0qo663PK
[2023-06-09 01:00:03,826][whylogs.api.writer.whylabs][INFO] - checking: https://whylabs-public.s3.us-west-2.amazonaws.com/whylogs_config/whylabs_condition_count_disabled
[2023-06-09 01:00:05,573][whylogs.api.writer.whylabs][INFO] - checking: https://whylabs-public.s3.us-west-2.amazonaws.com/whylogs_config/whylabs_condition_count_disabled
[2023-06-09 01:00:05,575][whylogs.api.writer.whylabs][INFO] - headers are: {'x-amz-id-2': 'InFemDkPiE7G9SwnNZtgGjB/7J/y7Y1Q5frS8uWjZ4ylSP098CviqUoW0uLnZw65mwzwcZE5Pbg=', 'x-amz-request-id': 'RT7VE211SBKVVKDR', 'Date': 'Fri, 09 Jun 2023 08:00:06 GMT', 'Last-Modified': 'Thu, 23 Feb 2023 17:53:29 GMT', 'ETag': '"c4ca4238a0b923820dcc509a6f75849b"', 'x-amz-server-side-encryption': 'AES256', 'Accept-Ranges': 'bytes', 'Content-Type': 'binary/octet-stream', 'Server': 'AmazonS3', 'Content-Length': '1'} code: 200
[2023-06-09 01:00:05,577][whylogs.api.writer.whylabs][INFO] - found the whylabs condition count disabled file so running uncompound on condition count metrics
[2023-06-09 01:00:09,547][whylogs.api.writer.whylabs][INFO] - Done uploading org-YNx5UG/model-3/1686211182897 to https://api.whylabsapp.com with API token ID: YD0qo663PK
[2023-06-09 01:00:29,661][whylogs.api.writer.whylabs][INFO] - checking: https://whylabs-public.s3.us-west-2.amazonaws.com/whylogs_config/whylabs_condition_count_disabled
[2023-06-09 01:00:30,913][whylogs.api.writer.whylabs][INFO] - checking: https://whylabs-public.s3.us-west-2.amazonaws.com/whylogs_config/whylabs_condition_count_disabled
[2023-06-09 01:00:30,914][whylogs.api.writer.whylabs][INFO] - headers are: {'x-amz-id-2': 'fT3PfDvXgqIiE2CLVatuWIGtiv5ifA64v5P0TJkFa61f3Rikif7XYpWH6bElHQQHacSuJf5y46nu1NAn2slYmQ==', 'x-amz-request-id': 'HFM8P423D8YJYQ6C', 'Date': 'Fri, 09 Jun 2023 08:00:32 GMT', 'Last-Modified': 'Thu, 23 Feb 2023 17:53:29 GMT', 'ETag': '"c4ca4238a0b923820dcc509a6f75849b"', 'x-amz-server-side-encryption': 'AES256', 'Accept-Ranges': 'bytes', 'Content-Type': 'binary/octet-stream', 'Server': 'AmazonS3', 'Content-Length': '1'} code: 200
[2023-06-09 01:00:30,915][whylogs.api.writer.whylabs][INFO] - found the whylabs condition count disabled file so running uncompound on condition count metrics
[2023-06-09 01:00:33,052][whylogs.api.writer.whylabs][INFO] - Done uploading org-YNx5UG/model-3/1686124809550 to https://api.whylabsapp.com with API token ID: YD0qo663PK
[2023-06-09 01:00:54,284][whylogs.api.writer.whylabs][INFO] - checking: https://whylabs-public.s3.us-west-2.amazonaws.com/whylogs_config/whylabs_condition_count_disabled
[2023-06-09 01:00:55,530][whylogs.api.writer.whylabs][INFO] - checking: https://whylabs-public.s3.us-west-2.amazonaws.com/whylogs_config/whylabs_condition_count_disabled
[2023-06-09 01:00:55,531][whylogs.api.writer.whylabs][INFO] - headers are: {'x-amz-id-2': 'ph4Jfr17kwjUtryE3aBjF83c0TalSNmubQKpWRAwV99DVxA0A+n0mZgW8Umffn0btbpxUDEZYL4=', 'x-amz-request-id': 'BD64SHYVAXMJKG2W', 'Date': 'Fri, 09 Jun 2023 08:00:57 GMT', 'Last-Modified': 'Thu, 23 Feb 2023 17:53:29 GMT', 'ETag': '"c4ca4238a0b923820dcc509a6f75849b"', 'x-amz-server-side-encryption': 'AES256', 'Accept-Ranges': 'bytes', 'Content-Type': 'binary/octet-stream', 'Server': 'AmazonS3', 'Content-Length': '1'} code: 200
[2023-06-09 01:00:55,531][whylogs.api.writer.whylabs][INFO] - found the whylabs condition count disabled file so running uncompound on condition count metrics
[2023-06-09 01:00:57,465][whylogs.api.writer.whylabs][INFO] - Done uploading org-YNx5UG/model-3/1686038433053 to https://api.whylabsapp.com with API token ID: YD0qo663PK
[2023-06-09 01:01:30,940][whylogs.api.writer.whylabs][INFO] - checking: https://whylabs-public.s3.us-west-2.amazonaws.com/whylogs_config/whylabs_condition_count_disabled
[2023-06-09 01:01:32,433][whylogs.api.writer.whylabs][INFO] - checking: https://whylabs-public.s3.us-west-2.amazonaws.com/whylogs_config/whylabs_condition_count_disabled
[2023-06-09 01:01:32,434][whylogs.api.writer.whylabs][INFO] - headers are: {'x-amz-id-2': 'pM2Hlp2MNW2gCbSMGAuQ8kZ2J2g0kMj0XvSSWSq+XBGZcohHJFB0PaaARHUx/6de0NKCTYgXN6U=', 'x-amz-request-id': 'HMMKRDQY3MAVZC96', 'Date': 'Fri, 09 Jun 2023 08:01:34 GMT', 'Last-Modified': 'Thu, 23 Feb 2023 17:53:29 GMT', 'ETag': '"c4ca4238a0b923820dcc509a6f75849b"', 'x-amz-server-side-encryption': 'AES256', 'Accept-Ranges': 'bytes', 'Content-Type': 'binary/octet-stream', 'Server': 'AmazonS3', 'Content-Length': '1'} code: 200
[2023-06-09 01:01:32,435][whylogs.api.writer.whylabs][INFO] - found the whylabs condition count disabled file so running uncompound on condition count metrics
[2023-06-09 01:01:39,146][whylogs.api.writer.whylabs][INFO] - Done uploading org-YNx5UG/model-3/1686297657468 to https://api.whylabsapp.com with API token ID: YD0qo663PK
[2023-06-09 01:02:14,835][whylogs.api.writer.whylabs][INFO] - checking: https://whylabs-public.s3.us-west-2.amazonaws.com/whylogs_config/whylabs_condition_count_disabled
[2023-06-09 01:02:16,054][whylogs.api.writer.whylabs][INFO] - checking: https://whylabs-public.s3.us-west-2.amazonaws.com/whylogs_config/whylabs_condition_count_disabled
[2023-06-09 01:02:16,054][whylogs.api.writer.whylabs][INFO] - headers are: {'x-amz-id-2': 'LpwS7fsqLbOwv9Ui+L6e0DVxlpea6BlYnnaWC6lle30WwOoXvr2yz2h9TZE1wOJLC9rwtJDT3U4=', 'x-amz-request-id': 'XD8R6E37D2SKMPER', 'Date': 'Fri, 09 Jun 2023 08:02:17 GMT', 'Last-Modified': 'Thu, 23 Feb 2023 17:53:29 GMT', 'ETag': '"c4ca4238a0b923820dcc509a6f75849b"', 'x-amz-server-side-encryption': 'AES256', 'Accept-Ranges': 'bytes', 'Content-Type': 'binary/octet-stream', 'Server': 'AmazonS3', 'Content-Length': '1'} code: 200
[2023-06-09 01:02:16,056][whylogs.api.writer.whylabs][INFO] - found the whylabs condition count disabled file so running uncompound on condition count metrics
[2023-06-09 01:02:18,561][whylogs.api.writer.whylabs][INFO] - Done uploading org-YNx5UG/model-3/1686297732317 to https://api.whylabsapp.com with API token ID: YD0qo663PK
[2023-06-09 01:02:21,033][whylogs.api.writer.whylabs][INFO] - checking: https://whylabs-public.s3.us-west-2.amazonaws.com/whylogs_config/whylabs_condition_count_disabled
[2023-06-09 01:02:22,282][whylogs.api.writer.whylabs][INFO] - checking: https://whylabs-public.s3.us-west-2.amazonaws.com/whylogs_config/whylabs_condition_count_disabled
[2023-06-09 01:02:22,282][whylogs.api.writer.whylabs][INFO] - headers are: {'x-amz-id-2': 'CbNTa0oIbRXPzpwOGLrgMNym8jKqm2u7lSD2paxUyV0ajQs+UXLkpQ3uuI5+lB/hGyYIUyJb54E=', 'x-amz-request-id': '2ENMQGANV7TCB4R5', 'Date': 'Fri, 09 Jun 2023 08:02:24 GMT', 'Last-Modified': 'Thu, 23 Feb 2023 17:53:29 GMT', 'ETag': '"c4ca4238a0b923820dcc509a6f75849b"', 'x-amz-server-side-encryption': 'AES256', 'Accept-Ranges': 'bytes', 'Content-Type': 'binary/octet-stream', 'Server': 'AmazonS3', 'Content-Length': '1'} code: 200
[2023-06-09 01:02:22,284][whylogs.api.writer.whylabs][INFO] - found the whylabs condition count disabled file so running uncompound on condition count metrics
[2023-06-09 01:02:23,375][whylogs.api.writer.whylabs][INFO] - Done uploading org-YNx5UG/model-3/1686211338575 to https://api.whylabsapp.com with API token ID: YD0qo663PK
[2023-06-09 01:02:24,980][whylogs.api.writer.whylabs][INFO] - checking: https://whylabs-public.s3.us-west-2.amazonaws.com/whylogs_config/whylabs_condition_count_disabled
[2023-06-09 01:02:26,225][whylogs.api.writer.whylabs][INFO] - checking: https://whylabs-public.s3.us-west-2.amazonaws.com/whylogs_config/whylabs_condition_count_disabled
[2023-06-09 01:02:26,226][whylogs.api.writer.whylabs][INFO] - headers are: {'x-amz-id-2': 'P+PaQNx1z+5xJYfDBeEEvoxf7qqE9tnjtF20SZiq8GeJSidtt0yLs0vaCJ68BfvMVB1oV8Nq1Ls=', 'x-amz-request-id': '72J8GBV9YJ1P2F56', 'Date': 'Fri, 09 Jun 2023 08:02:27 GMT', 'Last-Modified': 'Thu, 23 Feb 2023 17:53:29 GMT', 'ETag': '"c4ca4238a0b923820dcc509a6f75849b"', 'x-amz-server-side-encryption': 'AES256', 'Accept-Ranges': 'bytes', 'Content-Type': 'binary/octet-stream', 'Server': 'AmazonS3', 'Content-Length': '1'} code: 200
[2023-06-09 01:02:26,231][whylogs.api.writer.whylabs][INFO] - found the whylabs condition count disabled file so running uncompound on condition count metrics
[2023-06-09 01:02:27,315][whylogs.api.writer.whylabs][INFO] - Done uploading org-YNx5UG/model-3/1686124943388 to https://api.whylabsapp.com with API token ID: YD0qo663PK
[2023-06-09 01:02:28,506][whylogs.api.writer.whylabs][INFO] - checking: https://whylabs-public.s3.us-west-2.amazonaws.com/whylogs_config/whylabs_condition_count_disabled
[2023-06-09 01:02:29,741][whylogs.api.writer.whylabs][INFO] - checking: https://whylabs-public.s3.us-west-2.amazonaws.com/whylogs_config/whylabs_condition_count_disabled
[2023-06-09 01:02:29,741][whylogs.api.writer.whylabs][INFO] - headers are: {'x-amz-id-2': 'XkgH3cRRjzT3mo3LcWMO6dCHpO2vX6wY4jsa+4HDdy7aZmV4Z8qHtzMsyHXqixgrTtVO7ytKPDo=', 'x-amz-request-id': 'X4G44J2B84Y94KTX', 'Date': 'Fri, 09 Jun 2023 08:02:31 GMT', 'Last-Modified': 'Thu, 23 Feb 2023 17:53:29 GMT', 'ETag': '"c4ca4238a0b923820dcc509a6f75849b"', 'x-amz-server-side-encryption': 'AES256', 'Accept-Ranges': 'bytes', 'Content-Type': 'binary/octet-stream', 'Server': 'AmazonS3', 'Content-Length': '1'} code: 200
[2023-06-09 01:02:29,743][whylogs.api.writer.whylabs][INFO] - found the whylabs condition count disabled file so running uncompound on condition count metrics
[2023-06-09 01:02:30,825][whylogs.api.writer.whylabs][INFO] - Done uploading org-YNx5UG/model-3/1686038547328 to https://api.whylabsapp.com with API token ID: YD0qo663PK
