[2023-06-09 03:11:26,535][whylogs.api.writer.whylabs][INFO] - checking: https://whylabs-public.s3.us-west-2.amazonaws.com/whylogs_config/whylabs_condition_count_disabled
[2023-06-09 03:11:27,786][whylogs.api.writer.whylabs][INFO] - checking: https://whylabs-public.s3.us-west-2.amazonaws.com/whylogs_config/whylabs_condition_count_disabled
[2023-06-09 03:11:27,787][whylogs.api.writer.whylabs][INFO] - headers are: {'x-amz-id-2': 'gEJfYGZ/C707BU4709lRUSOWwuRMz233K4nBcYcTLPeDPmBuD1+YmMMxoQgygdw8eoI3FOmy0+w=', 'x-amz-request-id': '4S9MF8QAGEZNA3HM', 'Date': 'Fri, 09 Jun 2023 10:11:29 GMT', 'Last-Modified': 'Thu, 23 Feb 2023 17:53:29 GMT', 'ETag': '"c4ca4238a0b923820dcc509a6f75849b"', 'x-amz-server-side-encryption': 'AES256', 'Accept-Ranges': 'bytes', 'Content-Type': 'binary/octet-stream', 'Server': 'AmazonS3', 'Content-Length': '1'} code: 200
[2023-06-09 03:11:27,788][whylogs.api.writer.whylabs][INFO] - found the whylabs condition count disabled file so running uncompound on condition count metrics
[2023-06-09 03:11:33,661][whylogs.api.writer.whylabs][INFO] - Done uploading org-YNx5UG/model-4/1686305466513 to https://api.whylabsapp.com with API token ID: YD0qo663PK
[2023-06-09 03:11:53,358][whylogs.api.writer.whylabs][INFO] - checking: https://whylabs-public.s3.us-west-2.amazonaws.com/whylogs_config/whylabs_condition_count_disabled
[2023-06-09 03:11:54,997][whylogs.api.writer.whylabs][INFO] - checking: https://whylabs-public.s3.us-west-2.amazonaws.com/whylogs_config/whylabs_condition_count_disabled
[2023-06-09 03:11:54,998][whylogs.api.writer.whylabs][INFO] - headers are: {'x-amz-id-2': 'NMMiCmHsviA9opDkxx3FO/iDEzZ3LSVr+PVPmpht6iynq/Au0YDkno/XYLJjLH1+iDTJgLK+lnU=', 'x-amz-request-id': 'Z12EKTR0TD4WDNHD', 'Date': 'Fri, 09 Jun 2023 10:11:56 GMT', 'Last-Modified': 'Thu, 23 Feb 2023 17:53:29 GMT', 'ETag': '"c4ca4238a0b923820dcc509a6f75849b"', 'x-amz-server-side-encryption': 'AES256', 'Accept-Ranges': 'bytes', 'Content-Type': 'binary/octet-stream', 'Server': 'AmazonS3', 'Content-Length': '1'} code: 200
[2023-06-09 03:11:55,002][whylogs.api.writer.whylabs][INFO] - found the whylabs condition count disabled file so running uncompound on condition count metrics
[2023-06-09 03:11:58,433][whylogs.api.writer.whylabs][INFO] - Done uploading org-YNx5UG/model-4/1686305493665 to https://api.whylabsapp.com with API token ID: YD0qo663PK
[2023-06-09 03:12:19,292][whylogs.api.writer.whylabs][INFO] - checking: https://whylabs-public.s3.us-west-2.amazonaws.com/whylogs_config/whylabs_condition_count_disabled
[2023-06-09 03:12:23,564][whylogs.api.writer.whylabs][INFO] - checking: https://whylabs-public.s3.us-west-2.amazonaws.com/whylogs_config/whylabs_condition_count_disabled
[2023-06-09 03:12:23,565][whylogs.api.writer.whylabs][INFO] - headers are: {'x-amz-id-2': 'Gs3F4krG5+z7TJHIllotJVf2zbn4HlXoxn0psQ4VGrZaKcuPEEDCl25kCUY9Bcb+wpEZQi9GOdE=', 'x-amz-request-id': 'X5CGF6MRCDXY1JRA', 'Date': 'Fri, 09 Jun 2023 10:12:25 GMT', 'Last-Modified': 'Thu, 23 Feb 2023 17:53:29 GMT', 'ETag': '"c4ca4238a0b923820dcc509a6f75849b"', 'x-amz-server-side-encryption': 'AES256', 'Accept-Ranges': 'bytes', 'Content-Type': 'binary/octet-stream', 'Server': 'AmazonS3', 'Content-Length': '1'} code: 200
[2023-06-09 03:12:23,566][whylogs.api.writer.whylabs][INFO] - found the whylabs condition count disabled file so running uncompound on condition count metrics
[2023-06-09 03:12:27,728][whylogs.api.writer.whylabs][INFO] - Done uploading org-YNx5UG/model-4/1686219118435 to https://api.whylabsapp.com with API token ID: YD0qo663PK
[2023-06-09 03:12:47,727][whylogs.api.writer.whylabs][INFO] - checking: https://whylabs-public.s3.us-west-2.amazonaws.com/whylogs_config/whylabs_condition_count_disabled
[2023-06-09 03:12:48,965][whylogs.api.writer.whylabs][INFO] - checking: https://whylabs-public.s3.us-west-2.amazonaws.com/whylogs_config/whylabs_condition_count_disabled
[2023-06-09 03:12:48,965][whylogs.api.writer.whylabs][INFO] - headers are: {'x-amz-id-2': 'WFKhu+KCnaTY1cv9+ig70MJhezEcL2jkcAfs/dMlJQdmmlsN3ybxdBvIFTo4w5xZURn2O6zqvyfuDKOK5M+icg==', 'x-amz-request-id': 'AXWYQVS3X63Y9VHR', 'Date': 'Fri, 09 Jun 2023 10:12:50 GMT', 'Last-Modified': 'Thu, 23 Feb 2023 17:53:29 GMT', 'ETag': '"c4ca4238a0b923820dcc509a6f75849b"', 'x-amz-server-side-encryption': 'AES256', 'Accept-Ranges': 'bytes', 'Content-Type': 'binary/octet-stream', 'Server': 'AmazonS3', 'Content-Length': '1'} code: 200
[2023-06-09 03:12:48,967][whylogs.api.writer.whylabs][INFO] - found the whylabs condition count disabled file so running uncompound on condition count metrics
[2023-06-09 03:12:51,847][whylogs.api.writer.whylabs][INFO] - Done uploading org-YNx5UG/model-4/1686132747732 to https://api.whylabsapp.com with API token ID: YD0qo663PK
[2023-06-09 03:13:16,572][whylogs.api.writer.whylabs][INFO] - checking: https://whylabs-public.s3.us-west-2.amazonaws.com/whylogs_config/whylabs_condition_count_disabled
[2023-06-09 03:13:17,859][whylogs.api.writer.whylabs][INFO] - checking: https://whylabs-public.s3.us-west-2.amazonaws.com/whylogs_config/whylabs_condition_count_disabled
[2023-06-09 03:13:17,859][whylogs.api.writer.whylabs][INFO] - headers are: {'x-amz-id-2': 'htYTI/ql/y8D4jIWhXjmG9VtwqCVLXjVUMWugkVb7DYxmIG+bItv97ZMakVScN2HUagomAxEgDY=', 'x-amz-request-id': 'FB49FA3S4EV0F531', 'Date': 'Fri, 09 Jun 2023 10:13:19 GMT', 'Last-Modified': 'Thu, 23 Feb 2023 17:53:29 GMT', 'ETag': '"c4ca4238a0b923820dcc509a6f75849b"', 'x-amz-server-side-encryption': 'AES256', 'Accept-Ranges': 'bytes', 'Content-Type': 'binary/octet-stream', 'Server': 'AmazonS3', 'Content-Length': '1'} code: 200
[2023-06-09 03:13:17,860][whylogs.api.writer.whylabs][INFO] - found the whylabs condition count disabled file so running uncompound on condition count metrics
[2023-06-09 03:13:21,121][whylogs.api.writer.whylabs][INFO] - Done uploading org-YNx5UG/model-4/1686046371851 to https://api.whylabsapp.com with API token ID: YD0qo663PK
[2023-06-09 03:13:51,142][whylogs.api.writer.whylabs][INFO] - checking: https://whylabs-public.s3.us-west-2.amazonaws.com/whylogs_config/whylabs_condition_count_disabled
[2023-06-09 03:13:55,904][whylogs.api.writer.whylabs][INFO] - checking: https://whylabs-public.s3.us-west-2.amazonaws.com/whylogs_config/whylabs_condition_count_disabled
[2023-06-09 03:13:55,905][whylogs.api.writer.whylabs][INFO] - headers are: {'x-amz-id-2': 'miktfdhUzPfp1nGRx7Hsbk+TVloslHu23A/0KQwziiYfBwzPlZQoPhbYGD+JCEUvA3hrmDJ0WeM=', 'x-amz-request-id': '3WGMQ38D0JSTTP0A', 'Date': 'Fri, 09 Jun 2023 10:13:55 GMT', 'Last-Modified': 'Thu, 23 Feb 2023 17:53:29 GMT', 'ETag': '"c4ca4238a0b923820dcc509a6f75849b"', 'x-amz-server-side-encryption': 'AES256', 'Accept-Ranges': 'bytes', 'Content-Type': 'binary/octet-stream', 'Server': 'AmazonS3', 'Content-Length': '1'} code: 200
[2023-06-09 03:13:55,906][whylogs.api.writer.whylabs][INFO] - found the whylabs condition count disabled file so running uncompound on condition count metrics
[2023-06-09 03:14:02,821][whylogs.api.writer.whylabs][INFO] - Done uploading org-YNx5UG/model-4/1686305601123 to https://api.whylabsapp.com with API token ID: YD0qo663PK
[2023-06-09 03:14:34,331][whylogs.api.writer.whylabs][INFO] - checking: https://whylabs-public.s3.us-west-2.amazonaws.com/whylogs_config/whylabs_condition_count_disabled
[2023-06-09 03:14:38,559][whylogs.api.writer.whylabs][INFO] - checking: https://whylabs-public.s3.us-west-2.amazonaws.com/whylogs_config/whylabs_condition_count_disabled
[2023-06-09 03:14:38,561][whylogs.api.writer.whylabs][INFO] - headers are: {'x-amz-id-2': '6AYbj7X5c+WCfn0ypU1LNE9gTPKwjy0R6axKPetTRXPrx+34NQff5wYdtNrCA4qpCkqsf1Tx6lM=', 'x-amz-request-id': 'AZ9X57WQ421XWT6N', 'Date': 'Fri, 09 Jun 2023 10:14:40 GMT', 'Last-Modified': 'Thu, 23 Feb 2023 17:53:29 GMT', 'ETag': '"c4ca4238a0b923820dcc509a6f75849b"', 'x-amz-server-side-encryption': 'AES256', 'Accept-Ranges': 'bytes', 'Content-Type': 'binary/octet-stream', 'Server': 'AmazonS3', 'Content-Length': '1'} code: 200
[2023-06-09 03:14:38,565][whylogs.api.writer.whylabs][INFO] - found the whylabs condition count disabled file so running uncompound on condition count metrics
[2023-06-09 03:14:40,633][whylogs.api.writer.whylabs][INFO] - Done uploading org-YNx5UG/model-4/1686305673285 to https://api.whylabsapp.com with API token ID: YD0qo663PK
[2023-06-09 03:14:41,876][whylogs.api.writer.whylabs][INFO] - checking: https://whylabs-public.s3.us-west-2.amazonaws.com/whylogs_config/whylabs_condition_count_disabled
[2023-06-09 03:14:43,111][whylogs.api.writer.whylabs][INFO] - checking: https://whylabs-public.s3.us-west-2.amazonaws.com/whylogs_config/whylabs_condition_count_disabled
[2023-06-09 03:14:43,112][whylogs.api.writer.whylabs][INFO] - headers are: {'x-amz-id-2': '1WOJcwtpBbes2UiTyqKZl1ijOSHCEr8TGWyS+yrPQKjtYiqP6ayuR05MsNIGowsE8F674MTPhxCP8ow0UlLwVw==', 'x-amz-request-id': 'B108W9YXC61P11Q9', 'Date': 'Fri, 09 Jun 2023 10:14:45 GMT', 'Last-Modified': 'Thu, 23 Feb 2023 17:53:29 GMT', 'ETag': '"c4ca4238a0b923820dcc509a6f75849b"', 'x-amz-server-side-encryption': 'AES256', 'Accept-Ranges': 'bytes', 'Content-Type': 'binary/octet-stream', 'Server': 'AmazonS3', 'Content-Length': '1'} code: 200
[2023-06-09 03:14:43,114][whylogs.api.writer.whylabs][INFO] - found the whylabs condition count disabled file so running uncompound on condition count metrics
[2023-06-09 03:14:44,339][whylogs.api.writer.whylabs][INFO] - Done uploading org-YNx5UG/model-4/1686219280645 to https://api.whylabsapp.com with API token ID: YD0qo663PK
[2023-06-09 03:14:45,419][whylogs.api.writer.whylabs][INFO] - checking: https://whylabs-public.s3.us-west-2.amazonaws.com/whylogs_config/whylabs_condition_count_disabled
[2023-06-09 03:14:46,568][whylogs.api.writer.whylabs][INFO] - checking: https://whylabs-public.s3.us-west-2.amazonaws.com/whylogs_config/whylabs_condition_count_disabled
[2023-06-09 03:14:46,568][whylogs.api.writer.whylabs][INFO] - headers are: {'x-amz-id-2': 'blpALBBXiJORYISTSRu2kWp0SqFaeax0j7Pu1rQhGg2m9vFvKyKHw5cuaHoRRGfxl1X9WHHH6wb5KP+MIQMA+A==', 'x-amz-request-id': '2GTGBPK1HATMAZGG', 'Date': 'Fri, 09 Jun 2023 10:14:48 GMT', 'Last-Modified': 'Thu, 23 Feb 2023 17:53:29 GMT', 'ETag': '"c4ca4238a0b923820dcc509a6f75849b"', 'x-amz-server-side-encryption': 'AES256', 'Accept-Ranges': 'bytes', 'Content-Type': 'binary/octet-stream', 'Server': 'AmazonS3', 'Content-Length': '1'} code: 200
[2023-06-09 03:14:46,570][whylogs.api.writer.whylabs][INFO] - found the whylabs condition count disabled file so running uncompound on condition count metrics
[2023-06-09 03:14:47,767][whylogs.api.writer.whylabs][INFO] - Done uploading org-YNx5UG/model-4/1686132884346 to https://api.whylabsapp.com with API token ID: YD0qo663PK
[2023-06-09 03:14:49,056][whylogs.api.writer.whylabs][INFO] - checking: https://whylabs-public.s3.us-west-2.amazonaws.com/whylogs_config/whylabs_condition_count_disabled
[2023-06-09 03:14:50,334][whylogs.api.writer.whylabs][INFO] - checking: https://whylabs-public.s3.us-west-2.amazonaws.com/whylogs_config/whylabs_condition_count_disabled
[2023-06-09 03:14:50,335][whylogs.api.writer.whylabs][INFO] - headers are: {'x-amz-id-2': 'MryxIkZLMvGUEM1LhiOvJMHrbcBlpQ878gN5njfYEILG7UYdAHLI3BwDgd67hmvuZdFY2DranlYjssh+o/kgGw==', 'x-amz-request-id': '4HKAAV64CPZSW18Z', 'Date': 'Fri, 09 Jun 2023 10:14:52 GMT', 'Last-Modified': 'Thu, 23 Feb 2023 17:53:29 GMT', 'ETag': '"c4ca4238a0b923820dcc509a6f75849b"', 'x-amz-server-side-encryption': 'AES256', 'Accept-Ranges': 'bytes', 'Content-Type': 'binary/octet-stream', 'Server': 'AmazonS3', 'Content-Length': '1'} code: 200
[2023-06-09 03:14:50,337][whylogs.api.writer.whylabs][INFO] - found the whylabs condition count disabled file so running uncompound on condition count metrics
[2023-06-09 03:14:51,554][whylogs.api.writer.whylabs][INFO] - Done uploading org-YNx5UG/model-4/1686046487772 to https://api.whylabsapp.com with API token ID: YD0qo663PK
[2023-06-09 03:14:53,692][whylogs.api.writer.whylabs][INFO] - checking: https://whylabs-public.s3.us-west-2.amazonaws.com/whylogs_config/whylabs_condition_count_disabled
[2023-06-09 03:14:54,914][whylogs.api.writer.whylabs][INFO] - checking: https://whylabs-public.s3.us-west-2.amazonaws.com/whylogs_config/whylabs_condition_count_disabled
[2023-06-09 03:14:54,914][whylogs.api.writer.whylabs][INFO] - headers are: {'x-amz-id-2': '8q9+bXSYBkansIM6A2u7Kg9yopOCdaeec6TOT7Eflqlqm9Z7gT2JuYaoqbNrZvZHR9KjX8FTAGA=', 'x-amz-request-id': 'KVQJGXB7GB4YCAX3', 'Date': 'Fri, 09 Jun 2023 10:14:56 GMT', 'Last-Modified': 'Thu, 23 Feb 2023 17:53:29 GMT', 'ETag': '"c4ca4238a0b923820dcc509a6f75849b"', 'x-amz-server-side-encryption': 'AES256', 'Accept-Ranges': 'bytes', 'Content-Type': 'binary/octet-stream', 'Server': 'AmazonS3', 'Content-Length': '1'} code: 200
[2023-06-09 03:14:54,917][whylogs.api.writer.whylabs][INFO] - found the whylabs condition count disabled file so running uncompound on condition count metrics
[2023-06-09 03:14:57,061][whylogs.api.writer.whylabs][INFO] - Done uploading org-YNx5UG/model-4/1686305693691 to https://api.whylabsapp.com with API token ID: YD0qo663PK
[2023-06-09 03:14:59,699][whylogs.api.writer.whylabs][INFO] - checking: https://whylabs-public.s3.us-west-2.amazonaws.com/whylogs_config/whylabs_condition_count_disabled
[2023-06-09 03:15:00,968][whylogs.api.writer.whylabs][INFO] - checking: https://whylabs-public.s3.us-west-2.amazonaws.com/whylogs_config/whylabs_condition_count_disabled
[2023-06-09 03:15:00,969][whylogs.api.writer.whylabs][INFO] - headers are: {'x-amz-id-2': 'HIfgkEXVDMNj5H9M14Wk+1JCKmahH/4ddKyVSMUqyisODr8IJFS+mnPwggr8r4vqIYGDuINgG9k=', 'x-amz-request-id': '968AVXVXRXJEFC4P', 'Date': 'Fri, 09 Jun 2023 10:15:02 GMT', 'Last-Modified': 'Thu, 23 Feb 2023 17:53:29 GMT', 'ETag': '"c4ca4238a0b923820dcc509a6f75849b"', 'x-amz-server-side-encryption': 'AES256', 'Accept-Ranges': 'bytes', 'Content-Type': 'binary/octet-stream', 'Server': 'AmazonS3', 'Content-Length': '1'} code: 200
[2023-06-09 03:15:00,971][whylogs.api.writer.whylabs][INFO] - found the whylabs condition count disabled file so running uncompound on condition count metrics
[2023-06-09 03:15:03,148][whylogs.api.writer.whylabs][INFO] - Done uploading org-YNx5UG/model-4/1686219299699 to https://api.whylabsapp.com with API token ID: YD0qo663PK
[2023-06-09 03:15:05,489][whylogs.api.writer.whylabs][INFO] - checking: https://whylabs-public.s3.us-west-2.amazonaws.com/whylogs_config/whylabs_condition_count_disabled
[2023-06-09 03:15:09,842][whylogs.api.writer.whylabs][INFO] - checking: https://whylabs-public.s3.us-west-2.amazonaws.com/whylogs_config/whylabs_condition_count_disabled
[2023-06-09 03:15:09,843][whylogs.api.writer.whylabs][INFO] - headers are: {'x-amz-id-2': 'e+rJuW7yRw/HxCrNt9CQ9+a1TsvoACiRdF7YlIAfIyELx2cdGgZbOiUC//ZJfefUYeNWWDvpxqU=', 'x-amz-request-id': 'Q9MS05E5R79T4BFP', 'Date': 'Fri, 09 Jun 2023 10:15:11 GMT', 'Last-Modified': 'Thu, 23 Feb 2023 17:53:29 GMT', 'ETag': '"c4ca4238a0b923820dcc509a6f75849b"', 'x-amz-server-side-encryption': 'AES256', 'Accept-Ranges': 'bytes', 'Content-Type': 'binary/octet-stream', 'Server': 'AmazonS3', 'Content-Length': '1'} code: 200
[2023-06-09 03:15:09,845][whylogs.api.writer.whylabs][INFO] - found the whylabs condition count disabled file so running uncompound on condition count metrics
[2023-06-09 03:15:11,963][whylogs.api.writer.whylabs][INFO] - Done uploading org-YNx5UG/model-4/1686132905488 to https://api.whylabsapp.com with API token ID: YD0qo663PK
[2023-06-09 03:15:13,928][whylogs.api.writer.whylabs][INFO] - checking: https://whylabs-public.s3.us-west-2.amazonaws.com/whylogs_config/whylabs_condition_count_disabled
[2023-06-09 03:15:15,193][whylogs.api.writer.whylabs][INFO] - checking: https://whylabs-public.s3.us-west-2.amazonaws.com/whylogs_config/whylabs_condition_count_disabled
[2023-06-09 03:15:15,193][whylogs.api.writer.whylabs][INFO] - headers are: {'x-amz-id-2': 'FJdP8+kNbUxXwbZbvIas+ijV8S1iPm0XgCsfl1sYygQhZMwg11fX8uQVuRwQD/LBPPPYg1tBvqA=', 'x-amz-request-id': 'DE0VAHZZZKP6HCQ1', 'Date': 'Fri, 09 Jun 2023 10:15:17 GMT', 'Last-Modified': 'Thu, 23 Feb 2023 17:53:29 GMT', 'ETag': '"c4ca4238a0b923820dcc509a6f75849b"', 'x-amz-server-side-encryption': 'AES256', 'Accept-Ranges': 'bytes', 'Content-Type': 'binary/octet-stream', 'Server': 'AmazonS3', 'Content-Length': '1'} code: 200
[2023-06-09 03:15:15,196][whylogs.api.writer.whylabs][INFO] - found the whylabs condition count disabled file so running uncompound on condition count metrics
[2023-06-09 03:15:17,327][whylogs.api.writer.whylabs][INFO] - Done uploading org-YNx5UG/model-4/1686046513927 to https://api.whylabsapp.com with API token ID: YD0qo663PK
